2024-07-25 23:04:44.228 [info] Added views:workbench.panel.markers.view in workbench.panel.markers
2024-07-25 23:04:44.228 [info] Added views:workbench.panel.output in workbench.panel.output
2024-07-25 23:04:44.228 [info] Added views:terminal in terminal
2024-07-25 23:04:44.228 [info] Added views:outline in workbench.view.explorer
2024-07-25 23:04:44.228 [info] Added views:workbench.scm in workbench.view.scm
2024-07-25 23:04:44.228 [info] Added views:workbench.view.search in workbench.view.search
2024-07-25 23:04:44.228 [info] Added views:timeline in workbench.view.explorer
2024-07-25 23:04:44.228 [info] Added views:workbench.explorer.emptyView in workbench.view.explorer
2024-07-25 23:04:44.405 [info] Added views:workbench.debug.variablesView,workbench.debug.watchExpressionsView,workbench.debug.callStackView,workbench.debug.breakPointsView in workbench.view.debug
2024-07-25 23:04:44.618 [info] Added views:bookmarksExplorer,bookmarksHelpAndFeedback in workbench.view.extension.bookmarks
2024-07-25 23:04:44.619 [info] Added views:gitlens.views.home,gitlens.views.workspaces,gitlens.views.account in workbench.view.extension.gitlens
2024-07-25 23:04:44.619 [info] Added views:gitlens.views.commitDetails,gitlens.views.lineHistory,gitlens.views.fileHistory,gitlens.views.searchAndCompare in workbench.view.extension.gitlensInspect
2024-07-25 23:04:44.619 [info] Added views:gitlens.views.commits,gitlens.views.branches,gitlens.views.remotes,gitlens.views.stashes,gitlens.views.tags,gitlens.views.contributors in workbench.view.scm
2024-07-25 23:04:44.749 [info] Added views:workbench.panel.repl.view in workbench.panel.repl
2024-07-25 23:04:44.750 [info] Removed views:workbench.debug.breakPointsView,workbench.debug.callStackView,workbench.debug.watchExpressionsView,workbench.debug.variablesView from workbench.view.debug
2024-07-25 23:04:44.750 [info] Added views:workbench.debug.welcome in workbench.view.debug
2024-07-25 23:04:44.857 [info] Added views:~remote.forwardedPorts in ~remote.forwardedPortsContainer
2024-07-25 23:04:44.934 [info] Removed views:gitlens.views.workspaces from workbench.view.extension.gitlens
2024-07-25 23:04:44.935 [info] Removed views:gitlens.views.searchAndCompare,gitlens.views.fileHistory,gitlens.views.lineHistory,gitlens.views.commitDetails from workbench.view.extension.gitlensInspect
2024-07-25 23:04:44.936 [info] Removed views:gitlens.views.contributors,gitlens.views.tags,gitlens.views.stashes,gitlens.views.remotes,gitlens.views.branches,gitlens.views.commits from workbench.view.scm
