2024-07-17 17:37:15.380 [info] Added views:workbench.panel.markers.view in workbench.panel.markers
2024-07-17 17:37:15.380 [info] Added views:workbench.panel.output in workbench.panel.output
2024-07-17 17:37:15.380 [info] Added views:terminal in terminal
2024-07-17 17:37:15.380 [info] Added views:outline in workbench.view.explorer
2024-07-17 17:37:15.380 [info] Added views:workbench.scm in workbench.view.scm
2024-07-17 17:37:15.380 [info] Added views:workbench.view.search in workbench.view.search
2024-07-17 17:37:15.380 [info] Added views:timeline in workbench.view.explorer
2024-07-17 17:37:15.380 [info] Added views:workbench.explorer.fileView in workbench.view.explorer
2024-07-17 17:37:15.538 [info] Added views:workbench.debug.variablesView,workbench.debug.watchExpressionsView,workbench.debug.callStackView,workbench.debug.breakPointsView in workbench.view.debug
2024-07-17 17:37:15.994 [info] Added views:bookmarksExplorer,bookmarksHelpAndFeedback in workbench.view.extension.bookmarks
2024-07-17 17:37:15.994 [info] Added views:continue.continueGUIView in workbench.view.extension.continue
2024-07-17 17:37:15.994 [info] Added views:gitlens.views.home,gitlens.views.workspaces,gitlens.views.account in workbench.view.extension.gitlens
2024-07-17 17:37:15.995 [info] Added views:gitlens.views.commitDetails,gitlens.views.lineHistory,gitlens.views.fileHistory,gitlens.views.searchAndCompare in workbench.view.extension.gitlensInspect
2024-07-17 17:37:15.995 [info] Added views:gitlens.views.commits,gitlens.views.branches,gitlens.views.remotes,gitlens.views.stashes,gitlens.views.tags,gitlens.views.contributors in workbench.view.scm
2024-07-17 17:37:15.995 [info] Added views:todo-tree-view in workbench.view.extension.todo-tree-container
2024-07-17 17:37:16.160 [info] Added views:workbench.panel.repl.view in workbench.panel.repl
2024-07-17 17:37:16.536 [info] Added views:~remote.forwardedPorts in ~remote.forwardedPortsContainer
2024-07-17 17:37:16.571 [info] Added views:workbench.view.testing in workbench.view.extension.test
2024-07-17 17:37:42.022 [info] Added views:gitlens.views.drafts in workbench.view.extension.gitlens
2024-07-17 17:37:42.094 [info] Added views:gitlens.views.graph,gitlens.views.graphDetails in workbench.view.extension.gitlensPanel
2024-07-17 17:37:42.095 [info] Added views:gitlens.views.timeline in workbench.view.extension.gitlensInspect
2024-07-17 17:37:42.096 [info] Added views:gitlens.views.worktrees in workbench.view.scm
