2024-08-03 15:29:13.326 [info] Getting Manifest... jnoortheen.nix-ide
2024-08-03 15:29:13.329 [info] Getting Manifest... ms-python.python
2024-08-03 15:29:14.086 [info] Installing extension: jnoortheen.nix-ide {"productVersion":{"version":"1.91.1","date":"2024-07-11T18:37:10.462Z"},"pinned":false,"isApplicationScoped":false,"profileLocation":{"$mid":1,"external":"vscode-userdata:/home/steinardth/.vscode-oss/extensions/extensions.json","path":"/home/steinardth/.vscode-oss/extensions/extensions.json","scheme":"vscode-userdata"},"installOnlyNewlyAddedFromExtensionPack":true}
2024-08-03 15:29:14.192 [info] Installing extension: ms-python.python {"productVersion":{"version":"1.91.1","date":"2024-07-11T18:37:10.462Z"},"pinned":false,"isApplicationScoped":false,"profileLocation":{"$mid":1,"external":"vscode-userdata:/home/steinardth/.vscode-oss/extensions/extensions.json","path":"/home/steinardth/.vscode-oss/extensions/extensions.json","scheme":"vscode-userdata"},"installOnlyNewlyAddedFromExtensionPack":true}
2024-08-03 15:29:14.582 [info] Extracted extension to file:///home/steinardth/.vscode-oss/extensions/jnoortheen.nix-ide-0.3.3-universal: jnoortheen.nix-ide
2024-08-03 15:29:14.583 [info] Renamed to /home/steinardth/.vscode-oss/extensions/jnoortheen.nix-ide-0.3.3-universal
2024-08-03 15:29:14.590 [info] Marked extension as uninstalled jnoortheen.nix-ide-0.3.1-universal
2024-08-03 15:29:14.605 [info] Extension installed successfully: jnoortheen.nix-ide vscode-userdata:/home/steinardth/.vscode-oss/extensions/extensions.json
2024-08-03 15:29:14.663 [error] [uncaught exception in sharedProcess]: Error: ENOENT: no such file or directory, stat '/home/steinardth/.vscode-oss/extensions/extensions.json.vsctmp': EntryNotFound (FileSystemError): Error: ENOENT: no such file or directory, stat '/home/steinardth/.vscode-oss/extensions/extensions.json.vsctmp'
    at u.create (/opt/vscodium-bin/resources/app/out/vs/code/node/sharedProcess/sharedProcessMain.js:54:22080)
    at d (/opt/vscodium-bin/resources/app/out/vs/code/node/sharedProcess/sharedProcessMain.js:54:22210)
    at R.toFileSystemProviderError (/opt/vscodium-bin/resources/app/out/vs/code/node/sharedProcess/sharedProcessMain.js:59:47900)
    at R.stat (/opt/vscodium-bin/resources/app/out/vs/code/node/sharedProcess/sharedProcessMain.js:59:38403)
    at async s.stat (/opt/vscodium-bin/resources/app/out/vs/code/node/sharedProcess/sharedProcessMain.js:59:19760)
    at async z.onDidFilesChange (/opt/vscodium-bin/resources/app/out/vs/code/node/sharedProcess/sharedProcessMain.js:105:146943)
2024-08-03 15:29:16.365 [info] Extracted extension to file:///home/steinardth/.vscode-oss/extensions/ms-python.python-2024.12.1-universal: ms-python.python
2024-08-03 15:29:16.371 [info] Renamed to /home/steinardth/.vscode-oss/extensions/ms-python.python-2024.12.1-universal
2024-08-03 15:29:16.392 [info] Marked extension as uninstalled ms-python.python-2024.10.0-universal
2024-08-03 15:29:16.397 [info] Extension installed successfully: ms-python.python vscode-userdata:/home/steinardth/.vscode-oss/extensions/extensions.json
2024-08-03 15:29:16.453 [error] [uncaught exception in sharedProcess]: Error: ENOENT: no such file or directory, stat '/home/steinardth/.vscode-oss/extensions/extensions.json.vsctmp': EntryNotFound (FileSystemError): Error: ENOENT: no such file or directory, stat '/home/steinardth/.vscode-oss/extensions/extensions.json.vsctmp'
    at u.create (/opt/vscodium-bin/resources/app/out/vs/code/node/sharedProcess/sharedProcessMain.js:54:22080)
    at d (/opt/vscodium-bin/resources/app/out/vs/code/node/sharedProcess/sharedProcessMain.js:54:22210)
    at R.toFileSystemProviderError (/opt/vscodium-bin/resources/app/out/vs/code/node/sharedProcess/sharedProcessMain.js:59:47900)
    at R.stat (/opt/vscodium-bin/resources/app/out/vs/code/node/sharedProcess/sharedProcessMain.js:59:38403)
    at async s.stat (/opt/vscodium-bin/resources/app/out/vs/code/node/sharedProcess/sharedProcessMain.js:59:19760)
    at async z.onDidFilesChange (/opt/vscodium-bin/resources/app/out/vs/code/node/sharedProcess/sharedProcessMain.js:105:146943)
