2024-07-27 20:03:05.375 [info] Added views:workbench.panel.markers.view in workbench.panel.markers
2024-07-27 20:03:05.375 [info] Added views:workbench.panel.output in workbench.panel.output
2024-07-27 20:03:05.375 [info] Added views:terminal in terminal
2024-07-27 20:03:05.375 [info] Added views:outline in workbench.view.explorer
2024-07-27 20:03:05.375 [info] Added views:workbench.scm in workbench.view.scm
2024-07-27 20:03:05.375 [info] Added views:workbench.view.search in workbench.view.search
2024-07-27 20:03:05.375 [info] Added views:timeline in workbench.view.explorer
2024-07-27 20:03:05.375 [info] Added views:workbench.explorer.emptyView in workbench.view.explorer
2024-07-27 20:03:05.565 [info] Added views:workbench.debug.welcome in workbench.view.debug
2024-07-27 20:03:05.796 [info] Added views:bookmarksExplorer,bookmarksHelpAndFeedback in workbench.view.extension.bookmarks
2024-07-27 20:03:05.796 [info] Added views:gitlens.views.home,gitlens.views.workspaces,gitlens.views.account in workbench.view.extension.gitlens
2024-07-27 20:03:05.796 [info] Added views:gitlens.views.commitDetails,gitlens.views.lineHistory,gitlens.views.fileHistory,gitlens.views.searchAndCompare in workbench.view.extension.gitlensInspect
2024-07-27 20:03:05.797 [info] Added views:gitlens.views.commits,gitlens.views.branches,gitlens.views.remotes,gitlens.views.stashes,gitlens.views.tags,gitlens.views.contributors in workbench.view.scm
2024-07-27 20:03:05.952 [info] Added views:workbench.panel.repl.view in workbench.panel.repl
2024-07-27 20:03:06.225 [info] Added views:~remote.forwardedPorts in ~remote.forwardedPortsContainer
2024-07-27 20:03:06.321 [info] Removed views:gitlens.views.workspaces from workbench.view.extension.gitlens
2024-07-27 20:03:06.323 [info] Removed views:gitlens.views.searchAndCompare,gitlens.views.fileHistory,gitlens.views.lineHistory,gitlens.views.commitDetails from workbench.view.extension.gitlensInspect
2024-07-27 20:03:06.323 [info] Removed views:gitlens.views.contributors,gitlens.views.tags,gitlens.views.stashes,gitlens.views.remotes,gitlens.views.branches,gitlens.views.commits from workbench.view.scm
2024-07-27 20:03:10.365 [info] Added views:workbench.views.extensions.installed,workbench.views.extensions.popular,extensions.recommendedList in workbench.view.extensions
2024-07-27 20:03:10.367 [info] Removed views:workbench.views.extensions.popular from workbench.view.extensions
2024-07-27 20:03:16.270 [info] Added views:continue.continueGUIView in workbench.view.extension.continue
2024-07-27 20:03:16.270 [info] Added views:todo-tree-view in workbench.view.extension.todo-tree-container
2024-07-27 20:03:16.291 [info] Added views:gitlens.views.drafts,gitlens.views.workspaces in workbench.view.extension.gitlens
2024-07-27 20:04:20.012 [info] Removed views:extensions.recommendedList,workbench.views.extensions.installed from workbench.view.extensions
2024-07-27 20:04:20.024 [info] Added views:workbench.views.extensions.marketplace in workbench.view.extensions
2024-07-27 20:04:33.333 [info] Removed views:workbench.views.extensions.marketplace from workbench.view.extensions
2024-07-27 20:04:33.341 [info] Added views:workbench.views.extensions.installed,extensions.recommendedList in workbench.view.extensions
