2024-08-03 15:29:09.839 [info] Reading sessions from keychain...
2024-08-03 15:29:09.839 [info] Getting sessions for all scopes...
2024-08-03 15:29:09.839 [info] Got 0 sessions for ...
2024-08-03 15:29:09.839 [info] Getting sessions for read:user,repo,user:email...
2024-08-03 15:29:09.839 [info] Got 0 sessions for read:user,repo,user:email...
2024-08-03 15:29:24.971 [info] Reading sessions from keychain...
2024-08-03 15:29:24.971 [info] Getting sessions for all scopes...
2024-08-03 15:29:24.971 [info] Got 0 sessions for ...
2024-08-03 15:29:24.994 [info] Getting sessions for read:user,repo,user:email...
2024-08-03 15:29:24.994 [info] Got 0 sessions for read:user,repo,user:email...
2024-08-03 15:29:52.254 [info] Reading sessions from keychain...
2024-08-03 15:29:52.254 [info] Getting sessions for all scopes...
2024-08-03 15:29:52.254 [info] Got 0 sessions for ...
2024-08-03 15:30:00.101 [info] Getting sessions for read:user,repo,user:email...
2024-08-03 15:30:00.101 [info] Got 0 sessions for read:user,repo,user:email...
2024-08-03 15:30:05.460 [info] Reading sessions from keychain...
2024-08-03 15:30:05.460 [info] Getting sessions for all scopes...
2024-08-03 15:30:05.460 [info] Got 0 sessions for ...
2024-08-03 15:30:06.169 [info] Getting sessions for read:user,repo,user:email...
2024-08-03 15:30:06.169 [info] Got 0 sessions for read:user,repo,user:email...
2024-08-03 15:30:41.229 [info] Reading sessions from keychain...
2024-08-03 15:30:41.229 [info] Getting sessions for all scopes...
2024-08-03 15:30:41.229 [info] Got 0 sessions for ...
2024-08-03 15:30:41.229 [info] Getting sessions for read:user,repo,user:email...
2024-08-03 15:30:41.229 [info] Got 0 sessions for read:user,repo,user:email...
2024-08-03 15:31:16.438 [info] Reading sessions from keychain...
2024-08-03 15:31:16.438 [info] Getting sessions for all scopes...
2024-08-03 15:31:16.438 [info] Got 0 sessions for ...
2024-08-03 15:31:16.438 [info] Getting sessions for read:user,repo,user:email...
2024-08-03 15:31:16.438 [info] Got 0 sessions for read:user,repo,user:email...
2024-08-03 15:31:31.377 [info] Reading sessions from keychain...
2024-08-03 15:31:31.377 [info] Getting sessions for all scopes...
2024-08-03 15:31:31.377 [info] Got 0 sessions for ...
2024-08-03 15:31:31.377 [info] Getting sessions for read:user,repo,user:email...
2024-08-03 15:31:31.377 [info] Got 0 sessions for read:user,repo,user:email...
