2024-07-29 20:06:25.786 [info] Added views:workbench.panel.markers.view in workbench.panel.markers
2024-07-29 20:06:25.786 [info] Added views:workbench.panel.output in workbench.panel.output
2024-07-29 20:06:25.786 [info] Added views:terminal in terminal
2024-07-29 20:06:25.786 [info] Added views:outline in workbench.view.explorer
2024-07-29 20:06:25.786 [info] Added views:workbench.scm in workbench.view.scm
2024-07-29 20:06:25.786 [info] Added views:workbench.view.search in workbench.view.search
2024-07-29 20:06:25.786 [info] Added views:timeline in workbench.view.explorer
2024-07-29 20:06:25.786 [info] Added views:workbench.explorer.emptyView in workbench.view.explorer
2024-07-29 20:06:25.936 [info] Added views:workbench.debug.welcome in workbench.view.debug
2024-07-29 20:06:26.194 [info] Added views:bookmarksExplorer,bookmarksHelpAndFeedback in workbench.view.extension.bookmarks
2024-07-29 20:06:26.194 [info] Added views:continue.continueGUIView in workbench.view.extension.continue
2024-07-29 20:06:26.194 [info] Added views:gitlens.views.home,gitlens.views.workspaces,gitlens.views.account in workbench.view.extension.gitlens
2024-07-29 20:06:26.194 [info] Added views:gitlens.views.commitDetails,gitlens.views.lineHistory,gitlens.views.fileHistory,gitlens.views.searchAndCompare in workbench.view.extension.gitlensInspect
2024-07-29 20:06:26.195 [info] Added views:gitlens.views.commits,gitlens.views.branches,gitlens.views.remotes,gitlens.views.stashes,gitlens.views.tags,gitlens.views.contributors in workbench.view.scm
2024-07-29 20:06:26.195 [info] Added views:todo-tree-view in workbench.view.extension.todo-tree-container
2024-07-29 20:06:26.344 [info] Added views:workbench.panel.repl.view in workbench.panel.repl
2024-07-29 20:06:26.675 [info] Added views:~remote.forwardedPorts in ~remote.forwardedPortsContainer
2024-07-29 20:06:27.069 [info] Removed views:gitlens.views.searchAndCompare,gitlens.views.fileHistory,gitlens.views.lineHistory,gitlens.views.commitDetails from workbench.view.extension.gitlensInspect
2024-07-29 20:06:27.069 [info] Removed views:gitlens.views.contributors,gitlens.views.tags,gitlens.views.stashes,gitlens.views.remotes,gitlens.views.branches,gitlens.views.commits from workbench.view.scm
2024-07-29 20:06:27.124 [info] Added views:gitlens.views.drafts in workbench.view.extension.gitlens
