2024-07-29 20:06:26.704 [info] Log level: Info
2024-07-29 20:06:26.704 [info] Validating found git in: "git"
2024-07-29 20:06:26.704 [info] Using git "2.45.2" from "git"
2024-07-29 20:09:35.060 [info] > git rev-parse --show-toplevel [10ms]
2024-07-29 20:09:35.060 [info] fatal: not a git repository (or any of the parent directories): .git
2024-07-29 20:10:18.467 [info] > git rev-parse --show-toplevel [1ms]
2024-07-29 20:10:18.467 [info] fatal: not a git repository (or any of the parent directories): .git
2024-07-29 20:12:00.275 [info] > git rev-parse --show-toplevel [3ms]
2024-07-29 20:12:00.275 [info] fatal: not a git repository (or any of the parent directories): .git
2024-07-29 20:12:00.285 [info] > git rev-parse --show-toplevel [1ms]
2024-07-29 20:12:00.285 [info] fatal: not a git repository (or any of the parent directories): .git
2024-07-29 20:12:00.292 [info] > git rev-parse --show-toplevel [1ms]
2024-07-29 20:12:00.292 [info] fatal: not a git repository (or any of the parent directories): .git
2024-07-29 20:12:01.226 [info] > git rev-parse --show-toplevel [2ms]
2024-07-29 20:12:01.226 [info] fatal: not a git repository (or any of the parent directories): .git
2024-07-29 20:12:01.232 [info] > git rev-parse --show-toplevel [1ms]
2024-07-29 20:12:01.232 [info] fatal: not a git repository (or any of the parent directories): .git
2024-07-29 20:19:15.260 [info] > git rev-parse --show-toplevel [1ms]
2024-07-29 20:19:15.260 [info] fatal: not a git repository (or any of the parent directories): .git
2024-07-29 20:22:01.441 [info] > git rev-parse --show-toplevel [1ms]
2024-07-29 20:22:01.441 [info] fatal: not a git repository (or any of the parent directories): .git
2024-07-29 20:22:31.653 [info] > git rev-parse --show-toplevel [1ms]
2024-07-29 20:22:31.653 [info] fatal: not a git repository (or any of the parent directories): .git
2024-07-29 20:23:20.176 [info] > git rev-parse --show-toplevel [1ms]
2024-07-29 20:23:20.176 [info] fatal: not a git repository (or any of the parent directories): .git
2024-07-29 20:35:40.901 [info] > git rev-parse --show-toplevel [1ms]
2024-07-29 20:35:40.901 [info] fatal: not a git repository (or any of the parent directories): .git
2024-07-29 20:38:36.685 [info] > git rev-parse --show-toplevel [1ms]
2024-07-29 20:38:36.685 [info] fatal: not a git repository (or any of the parent directories): .git
2024-07-29 20:47:35.007 [info] > git rev-parse --show-toplevel [27ms]
2024-07-29 20:47:35.007 [info] fatal: not a git repository (or any of the parent directories): .git
