2024-07-27 20:01:39.620 [info] update#setState disabled
2024-07-27 20:01:39.621 [info] update#ctor - updates are disabled as there is no update URL
2024-07-27 20:01:40.738 [error] Error: Error while decrypting the ciphertext provided to safeStorage.decryptString.
    at R.decrypt (/opt/vscodium-bin/resources/app/out/vs/code/electron-main/main.js:65:10696)
    at Object.call (/opt/vscodium-bin/resources/app/out/vs/code/electron-main/main.js:48:6359)
    at S.onPromise (/opt/vscodium-bin/resources/app/out/vs/code/electron-main/main.js:46:6080)
    at S.onRawMessage (/opt/vscodium-bin/resources/app/out/vs/code/electron-main/main.js:46:5407)
    at b.value (/opt/vscodium-bin/resources/app/out/vs/code/electron-main/main.js:46:4597)
    at i._deliver (/opt/vscodium-bin/resources/app/out/vs/code/electron-main/main.js:41:928)
    at i._deliverQueue (/opt/vscodium-bin/resources/app/out/vs/code/electron-main/main.js:41:1023)
    at i.fire (/opt/vscodium-bin/resources/app/out/vs/code/electron-main/main.js:41:1361)
    at b.value (/opt/vscodium-bin/resources/app/out/vs/code/electron-main/main.js:36:31042)
    at i._deliver (/opt/vscodium-bin/resources/app/out/vs/code/electron-main/main.js:41:928)
    at i.fire (/opt/vscodium-bin/resources/app/out/vs/code/electron-main/main.js:41:1252)
    at b.value (/opt/vscodium-bin/resources/app/out/vs/code/electron-main/main.js:36:31245)
    at i._deliver (/opt/vscodium-bin/resources/app/out/vs/code/electron-main/main.js:41:928)
    at i.fire (/opt/vscodium-bin/resources/app/out/vs/code/electron-main/main.js:41:1252)
    at pe (/opt/vscodium-bin/resources/app/out/vs/code/electron-main/main.js:36:33701)
    at IpcMainImpl.a (/opt/vscodium-bin/resources/app/out/vs/code/electron-main/main.js:48:24962)
    at IpcMainImpl.emit (node:events:514:28)
    at WebContents.<anonymous> (node:electron/js2c/browser_init:2:78003)
    at WebContents.emit (node:events:514:28)
2024-07-27 20:03:00.445 [info] Extension host with pid 98512 exited with code: 0, signal: unknown.
