    OpenRGB v0.9
    Commit:  from 
    Launched: 20240802_134756
====================================================================================================

0     |Info:    Found file: Orange.orp attempting to validate header
0     |Info:    Valid v4 profile found for Orange
0     |Info:    Found file: Minn Rainbow.orp attempting to validate header
0     |Info:    Valid v4 profile found for Minn Rainbow
1006  |Info:    ------------------------------------------------------
1006  |Info:    |               Start device detection               |
1006  |Info:    ------------------------------------------------------
1006  |Info:    Initializing HID interfaces: Success
1013  |Info:    ------------------------------------------------------
1013  |Info:    |             Detecting I2C interfaces               |
1013  |Info:    ------------------------------------------------------
1013  |Info:    Registering I2C interface: /dev/i2c-3 Device 1002:744C Subsystem: 1849:5304
1013  |Info:    Registering I2C interface: /dev/i2c-10 Device 1022:790B Subsystem: 1043:87C0
1013  |Info:    Registering I2C interface: /dev/i2c-1 Device 1002:744C Subsystem: 1849:5304
1013  |Warning: [i2c_smbus_linux] Failed to read i2c device PCI device ID
1013  |Info:    Registering I2C interface: /dev/i2c-8 Device 0000:0000 Subsystem: 0000:0000
1013  |Warning: [i2c_smbus_linux] Failed to read i2c device PCI device ID
1013  |Info:    Registering I2C interface: /dev/i2c-6 Device 0000:0000 Subsystem: 0000:0000
1013  |Info:    Registering I2C interface: /dev/i2c-4 Device 1002:744C Subsystem: 1849:5304
1013  |Info:    Registering I2C interface: /dev/i2c-11 Device 1022:790B Subsystem: 1043:87C0
1013  |Info:    Registering I2C interface: /dev/i2c-2 Device 1002:744C Subsystem: 1849:5304
1013  |Info:    Registering I2C interface: /dev/i2c-0 Device 1002:744C Subsystem: 1849:5304
1013  |Info:    Registering I2C interface: /dev/i2c-9 Device 1022:790B Subsystem: 1043:87C0
1013  |Warning: [i2c_smbus_linux] Failed to read i2c device PCI device ID
1013  |Info:    Registering I2C interface: /dev/i2c-7 Device 0000:0000 Subsystem: 0000:0000
1014  |Info:    Registering I2C interface: /dev/i2c-5 Device 1002:744C Subsystem: 1849:5304
1014  |Info:    ------------------------------------------------------
1014  |Info:    |               Detecting I2C devices                |
1014  |Info:    ------------------------------------------------------
1352  |Info:    [ENE DRAM] Registering RGB controller
1505  |Info:    [ENE DRAM] Registering RGB controller
1647  |Info:    [ENE DRAM] Registering RGB controller
1792  |Info:    [ENE DRAM] Registering RGB controller
2783  |Info:    ------------------------------------------------------
2783  |Info:    |               Detecting I2C PCI devices            |
2783  |Info:    ------------------------------------------------------
2783  |Info:    ------------------------------------------------------
2783  |Info:    |               Detecting HID devices                |
2783  |Info:    ------------------------------------------------------
6842  |Info:    [G502 LIGHTSPEED Wireless Gaming Mouse] Registering RGB controller
6920  |Info:    [ASUS PRIME X570-P] Registering RGB controller
6920  |Info:    ------------------------------------------------------
6920  |Info:    |            Detecting libusb HID devices            |
6920  |Info:    ------------------------------------------------------
7033  |Info:    ------------------------------------------------------
7033  |Info:    |              Detecting other devices               |
7033  |Info:    ------------------------------------------------------
7042  |Info:    ------------------------------------------------------
7042  |Info:    |                Detection completed                 |
7042  |Info:    ------------------------------------------------------
13519 |Info:    Found file: Orange.orp attempting to validate header
13519 |Info:    Valid v4 profile found for Orange
13519 |Info:    Found file: Minn Rainbow.orp attempting to validate header
13519 |Info:    Valid v4 profile found for Minn Rainbow
19235 |Info:    Profile loading: Succeeded for ENE DRAM @ I2C: /dev/i2c-9, address 0x70
19235 |Info:    Profile loading: Succeeded for ENE DRAM @ I2C: /dev/i2c-9, address 0x71
19235 |Info:    Profile loading: Succeeded for ENE DRAM @ I2C: /dev/i2c-9, address 0x72
19235 |Info:    Profile loading: Succeeded for ENE DRAM @ I2C: /dev/i2c-9, address 0x73
19235 |Info:    Profile loading: Succeeded for G502 LIGHTSPEED Wireless Gaming Mouse @ HID: /dev/hidraw7 (Receiver) 
Wireless Index: 255
19235 |Info:    Profile loading: Succeeded for ASUS PRIME X570-P @ HID: /dev/hidraw4
21159 |Info:    Profile loading: Succeeded for ENE DRAM @ I2C: /dev/i2c-9, address 0x70
21159 |Info:    Profile loading: Succeeded for ENE DRAM @ I2C: /dev/i2c-9, address 0x71
21159 |Info:    Profile loading: Succeeded for ENE DRAM @ I2C: /dev/i2c-9, address 0x72
21159 |Info:    Profile loading: Succeeded for ENE DRAM @ I2C: /dev/i2c-9, address 0x73
21159 |Info:    Profile loading: Succeeded for G502 LIGHTSPEED Wireless Gaming Mouse @ HID: /dev/hidraw7 (Receiver) 
Wireless Index: 255
21159 |Info:    Profile loading: Succeeded for ASUS PRIME X570-P @ HID: /dev/hidraw4
29202 |Info:    Profile loading: Succeeded for ENE DRAM @ I2C: /dev/i2c-9, address 0x70
29202 |Info:    Profile loading: Succeeded for ENE DRAM @ I2C: /dev/i2c-9, address 0x71
29202 |Info:    Profile loading: Succeeded for ENE DRAM @ I2C: /dev/i2c-9, address 0x72
29202 |Info:    Profile loading: Succeeded for ENE DRAM @ I2C: /dev/i2c-9, address 0x73
29202 |Info:    Profile loading: Succeeded for G502 LIGHTSPEED Wireless Gaming Mouse @ HID: /dev/hidraw7 (Receiver) 
Wireless Index: 255
29202 |Info:    Profile loading: Succeeded for ASUS PRIME X570-P @ HID: /dev/hidraw4
32488 |Info:    Profile loading: Succeeded for ENE DRAM @ I2C: /dev/i2c-9, address 0x70
32488 |Info:    Profile loading: Succeeded for ENE DRAM @ I2C: /dev/i2c-9, address 0x71
32488 |Info:    Profile loading: Succeeded for ENE DRAM @ I2C: /dev/i2c-9, address 0x72
32488 |Info:    Profile loading: Succeeded for ENE DRAM @ I2C: /dev/i2c-9, address 0x73
32488 |Info:    Profile loading: Succeeded for G502 LIGHTSPEED Wireless Gaming Mouse @ HID: /dev/hidraw7 (Receiver) 
Wireless Index: 255
32488 |Info:    Profile loading: Succeeded for ASUS PRIME X570-P @ HID: /dev/hidraw4
38829 |Info:    Profile loading: Succeeded for ENE DRAM @ I2C: /dev/i2c-9, address 0x70
38829 |Info:    Profile loading: Succeeded for ENE DRAM @ I2C: /dev/i2c-9, address 0x71
38829 |Info:    Profile loading: Succeeded for ENE DRAM @ I2C: /dev/i2c-9, address 0x72
38829 |Info:    Profile loading: Succeeded for ENE DRAM @ I2C: /dev/i2c-9, address 0x73
38829 |Info:    Profile loading: Succeeded for G502 LIGHTSPEED Wireless Gaming Mouse @ HID: /dev/hidraw7 (Receiver) 
Wireless Index: 255
38829 |Info:    Profile loading: Succeeded for ASUS PRIME X570-P @ HID: /dev/hidraw4
84164 |Info:    Found file: Orange.orp attempting to validate header
84164 |Info:    Valid v4 profile found for Orange
84164 |Info:    Found file: Minn Rainbow.orp attempting to validate header
84164 |Info:    Valid v4 profile found for Minn Rainbow
91923 |Info:    Found file: Orange.orp attempting to validate header
91923 |Info:    Valid v4 profile found for Orange
91923 |Info:    Found file: Minn Rainbow.orp attempting to validate header
91923 |Info:    Valid v4 profile found for Minn Rainbow
184044|Info:    Found file: Orange.orp attempting to validate header
184044|Info:    Valid v4 profile found for Orange
184044|Info:    Found file: Minn Rainbow.orp attempting to validate header
184044|Info:    Valid v4 profile found for Minn Rainbow
184471|Info:    Found file: Orange.orp attempting to validate header
184471|Info:    Valid v4 profile found for Orange
184471|Info:    Found file: Minn Rainbow.orp attempting to validate header
184471|Info:    Valid v4 profile found for Minn Rainbow
184650|Info:    Found file: Orange.orp attempting to validate header
184650|Info:    Valid v4 profile found for Orange
184650|Info:    Found file: Minn Rainbow.orp attempting to validate header
184650|Info:    Valid v4 profile found for Minn Rainbow
213328|Info:    Found file: Orange.orp attempting to validate header
213328|Info:    Valid v4 profile found for Orange
213328|Info:    Found file: Minn Rainbow.orp attempting to validate header
213328|Info:    Valid v4 profile found for Minn Rainbow
216303|Info:    Profile loading: Succeeded for ENE DRAM @ I2C: /dev/i2c-9, address 0x70
216303|Info:    Profile loading: Succeeded for ENE DRAM @ I2C: /dev/i2c-9, address 0x71
216303|Info:    Profile loading: Succeeded for ENE DRAM @ I2C: /dev/i2c-9, address 0x72
216303|Info:    Profile loading: Succeeded for ENE DRAM @ I2C: /dev/i2c-9, address 0x73
216303|Info:    Profile loading: Succeeded for G502 LIGHTSPEED Wireless Gaming Mouse @ HID: /dev/hidraw7 (Receiver) 
Wireless Index: 255
216303|Info:    Profile loading: Succeeded for ASUS PRIME X570-P @ HID: /dev/hidraw4
218170|Info:    Found file: Orange.orp attempting to validate header
218170|Info:    Valid v4 profile found for Orange
218170|Info:    Found file: Minn Rainbow.orp attempting to validate header
218170|Info:    Valid v4 profile found for Minn Rainbow
224078|Info:    Found file: Orange 2.orp attempting to validate header
224078|Info:    Valid v4 profile found for Orange 2
224078|Info:    Found file: Orange.orp attempting to validate header
224078|Info:    Valid v4 profile found for Orange
224078|Info:    Found file: Minn Rainbow.orp attempting to validate header
224078|Info:    Valid v4 profile found for Minn Rainbow
341177|Info:    Found file: Orange 2.orp attempting to validate header
341177|Info:    Valid v4 profile found for Orange 2
341177|Info:    Found file: Orange.orp attempting to validate header
341177|Info:    Valid v4 profile found for Orange
341177|Info:    Found file: Minn Rainbow.orp attempting to validate header
341177|Info:    Valid v4 profile found for Minn Rainbow
341776|Info:    Found file: Orange 2.orp attempting to validate header
341776|Info:    Valid v4 profile found for Orange 2
341776|Info:    Found file: Orange.orp attempting to validate header
341776|Info:    Valid v4 profile found for Orange
341776|Info:    Found file: Minn Rainbow.orp attempting to validate header
341776|Info:    Valid v4 profile found for Minn Rainbow
341925|Info:    Found file: Orange 2.orp attempting to validate header
341925|Info:    Valid v4 profile found for Orange 2
341925|Info:    Found file: Orange.orp attempting to validate header
341925|Info:    Valid v4 profile found for Orange
341925|Info:    Found file: Minn Rainbow.orp attempting to validate header
341925|Info:    Valid v4 profile found for Minn Rainbow
383742|ERROR:   [OpenRGBPluginsPage] Failed to install plugin: filesystem error: cannot copy: No such file or directory [] [/home/steinardth/.config/OpenRGB/plugins/]
458285|Info:    Found file: Orange 2.orp attempting to validate header
458285|Info:    Valid v4 profile found for Orange 2
458285|Info:    Found file: Orange.orp attempting to validate header
458285|Info:    Valid v4 profile found for Orange
458285|Info:    Found file: Minn Rainbow.orp attempting to validate header
458285|Info:    Valid v4 profile found for Minn Rainbow
480773|Info:    Profile loading: Succeeded for ENE DRAM @ I2C: /dev/i2c-9, address 0x70
480773|Info:    Profile loading: Succeeded for ENE DRAM @ I2C: /dev/i2c-9, address 0x71
480773|Info:    Profile loading: Succeeded for ENE DRAM @ I2C: /dev/i2c-9, address 0x72
480773|Info:    Profile loading: Succeeded for ENE DRAM @ I2C: /dev/i2c-9, address 0x73
480773|Info:    Profile loading: Succeeded for G502 LIGHTSPEED Wireless Gaming Mouse @ HID: /dev/hidraw7 (Receiver) 
Wireless Index: 255
480773|Info:    Profile loading: Succeeded for ASUS PRIME X570-P @ HID: /dev/hidraw4
481026|Info:    Profile loading: Succeeded for ENE DRAM @ I2C: /dev/i2c-9, address 0x70
481026|Info:    Profile loading: Succeeded for ENE DRAM @ I2C: /dev/i2c-9, address 0x71
481026|Info:    Profile loading: Succeeded for ENE DRAM @ I2C: /dev/i2c-9, address 0x72
481026|Info:    Profile loading: Succeeded for ENE DRAM @ I2C: /dev/i2c-9, address 0x73
481026|Info:    Profile loading: Succeeded for G502 LIGHTSPEED Wireless Gaming Mouse @ HID: /dev/hidraw7 (Receiver) 
Wireless Index: 255
481026|Info:    Profile loading: Succeeded for ASUS PRIME X570-P @ HID: /dev/hidraw4
