    OpenRGB v0.9
    Commit:  from 
    Launched: 20240804_164816
====================================================================================================

0     |Info:    Found file: Orange.orp attempting to validate header
0     |Info:    Valid v4 profile found for Orange
0     |Info:    Found file: Minn Rainbow.orp attempting to validate header
0     |Info:    Valid v4 profile found for Minn Rainbow
1001  |Info:    ------------------------------------------------------
1001  |Info:    |               Start device detection               |
1001  |Info:    ------------------------------------------------------
1002  |Info:    Initializing HID interfaces: Success
1008  |Info:    ------------------------------------------------------
1008  |Info:    |             Detecting I2C interfaces               |
1008  |Info:    ------------------------------------------------------
1008  |Info:    Registering I2C interface: /dev/i2c-3 Device 1002:744C Subsystem: 1849:5304
1008  |Info:    Registering I2C interface: /dev/i2c-10 Device 1022:790B Subsystem: 1043:87C0
1008  |Info:    Registering I2C interface: /dev/i2c-1 Device 1002:744C Subsystem: 1849:5304
1008  |Warning: [i2c_smbus_linux] Failed to read i2c device PCI device ID
1008  |Info:    Registering I2C interface: /dev/i2c-8 Device 0000:0000 Subsystem: 0000:0000
1008  |Warning: [i2c_smbus_linux] Failed to read i2c device PCI device ID
1008  |Info:    Registering I2C interface: /dev/i2c-6 Device 0000:0000 Subsystem: 0000:0000
1008  |Info:    Registering I2C interface: /dev/i2c-4 Device 1002:744C Subsystem: 1849:5304
1008  |Info:    Registering I2C interface: /dev/i2c-11 Device 1022:790B Subsystem: 1043:87C0
1008  |Info:    Registering I2C interface: /dev/i2c-2 Device 1002:744C Subsystem: 1849:5304
1008  |Info:    Registering I2C interface: /dev/i2c-0 Device 1002:744C Subsystem: 1849:5304
1008  |Info:    Registering I2C interface: /dev/i2c-9 Device 1022:790B Subsystem: 1043:87C0
1008  |Warning: [i2c_smbus_linux] Failed to read i2c device PCI device ID
1008  |Info:    Registering I2C interface: /dev/i2c-7 Device 0000:0000 Subsystem: 0000:0000
1008  |Info:    Registering I2C interface: /dev/i2c-5 Device 1002:744C Subsystem: 1849:5304
1008  |Info:    ------------------------------------------------------
1008  |Info:    |               Detecting I2C devices                |
1008  |Info:    ------------------------------------------------------
1297  |Info:    [ENE DRAM] Registering RGB controller
1475  |Info:    [ENE DRAM] Registering RGB controller
1640  |Info:    [ENE DRAM] Registering RGB controller
1806  |Info:    [ENE DRAM] Registering RGB controller
2815  |Info:    ------------------------------------------------------
2815  |Info:    |               Detecting I2C PCI devices            |
2815  |Info:    ------------------------------------------------------
2816  |Info:    ------------------------------------------------------
2816  |Info:    |               Detecting HID devices                |
2816  |Info:    ------------------------------------------------------
3565  |Info:    [G502 LIGHTSPEED Wireless Gaming Mouse] Registering RGB controller
3643  |Info:    [ASUS PRIME X570-P] Registering RGB controller
3643  |Info:    ------------------------------------------------------
3643  |Info:    |            Detecting libusb HID devices            |
3643  |Info:    ------------------------------------------------------
3752  |Info:    ------------------------------------------------------
3752  |Info:    |              Detecting other devices               |
3752  |Info:    ------------------------------------------------------
3761  |Info:    ------------------------------------------------------
3761  |Info:    |                Detection completed                 |
3761  |Info:    ------------------------------------------------------
3761  |Info:    Profile loading: Succeeded for ENE DRAM @ I2C: /dev/i2c-9, address 0x70
3761  |Info:    Profile loading: Succeeded for ENE DRAM @ I2C: /dev/i2c-9, address 0x71
3761  |Info:    Profile loading: Succeeded for ENE DRAM @ I2C: /dev/i2c-9, address 0x72
3761  |Info:    Profile loading: Succeeded for ENE DRAM @ I2C: /dev/i2c-9, address 0x73
3761  |Info:    Profile loading: Succeeded for G502 LIGHTSPEED Wireless Gaming Mouse @ HID: /dev/hidraw7 (Receiver) 
Wireless Index: 255
3761  |Info:    Profile loading: Succeeded for ASUS PRIME X570-P @ HID: /dev/hidraw5
