    OpenRGB v0.9
    Commit:  from 
    Launched: 20240731_151201
====================================================================================================

0     |Info:    Found file: Orange.orp attempting to validate header
0     |Info:    Valid v4 profile found for Orange
0     |Info:    Found file: Minn Rainbow.orp attempting to validate header
0     |Info:    Valid v4 profile found for Minn Rainbow
1002  |Info:    ------------------------------------------------------
1003  |Info:    |               Start device detection               |
1003  |Info:    ------------------------------------------------------
1003  |Info:    Initializing HID interfaces: Success
1010  |Info:    ------------------------------------------------------
1010  |Info:    |             Detecting I2C interfaces               |
1010  |Info:    ------------------------------------------------------
1010  |Info:    Registering I2C interface: /dev/i2c-3 Device 1002:744C Subsystem: 1849:5304
1010  |Info:    Registering I2C interface: /dev/i2c-10 Device 1022:790B Subsystem: 1043:87C0
1010  |Info:    Registering I2C interface: /dev/i2c-1 Device 1002:744C Subsystem: 1849:5304
1010  |Warning: [i2c_smbus_linux] Failed to read i2c device PCI device ID
1011  |Info:    Registering I2C interface: /dev/i2c-8 Device 0000:0000 Subsystem: 0000:0000
1011  |Warning: [i2c_smbus_linux] Failed to read i2c device PCI device ID
1011  |Info:    Registering I2C interface: /dev/i2c-6 Device 0000:0000 Subsystem: 0000:0000
1011  |Info:    Registering I2C interface: /dev/i2c-4 Device 1002:744C Subsystem: 1849:5304
1011  |Info:    Registering I2C interface: /dev/i2c-11 Device 1022:790B Subsystem: 1043:87C0
1011  |Info:    Registering I2C interface: /dev/i2c-2 Device 1002:744C Subsystem: 1849:5304
1011  |Info:    Registering I2C interface: /dev/i2c-0 Device 1002:744C Subsystem: 1849:5304
1011  |Info:    Registering I2C interface: /dev/i2c-9 Device 1022:790B Subsystem: 1043:87C0
1011  |Warning: [i2c_smbus_linux] Failed to read i2c device PCI device ID
1011  |Info:    Registering I2C interface: /dev/i2c-7 Device 0000:0000 Subsystem: 0000:0000
1011  |Info:    Registering I2C interface: /dev/i2c-5 Device 1002:744C Subsystem: 1849:5304
1011  |Info:    ------------------------------------------------------
1011  |Info:    |               Detecting I2C devices                |
1011  |Info:    ------------------------------------------------------
1266  |Info:    [ENE DRAM] Registering RGB controller
1432  |Info:    [ENE DRAM] Registering RGB controller
1589  |Info:    [ENE DRAM] Registering RGB controller
1748  |Info:    [ENE DRAM] Registering RGB controller
2713  |Info:    ------------------------------------------------------
2713  |Info:    |               Detecting I2C PCI devices            |
2713  |Info:    ------------------------------------------------------
2715  |Info:    ------------------------------------------------------
2715  |Info:    |               Detecting HID devices                |
2715  |Info:    ------------------------------------------------------
8134  |Info:    [G502 LIGHTSPEED Wireless Gaming Mouse] Registering RGB controller
8212  |Info:    [ASUS PRIME X570-P] Registering RGB controller
8212  |Info:    ------------------------------------------------------
8212  |Info:    |            Detecting libusb HID devices            |
8212  |Info:    ------------------------------------------------------
8321  |Info:    ------------------------------------------------------
8321  |Info:    |              Detecting other devices               |
8321  |Info:    ------------------------------------------------------
8330  |Info:    ------------------------------------------------------
8330  |Info:    |                Detection completed                 |
8330  |Info:    ------------------------------------------------------
16877 |Info:    Profile loading: Succeeded for ENE DRAM @ I2C: /dev/i2c-9, address 0x70
16877 |Info:    Profile loading: Succeeded for ENE DRAM @ I2C: /dev/i2c-9, address 0x71
16877 |Info:    Profile loading: Succeeded for ENE DRAM @ I2C: /dev/i2c-9, address 0x72
16878 |Info:    Profile loading: Succeeded for ENE DRAM @ I2C: /dev/i2c-9, address 0x73
16878 |Info:    Profile loading: Succeeded for G502 LIGHTSPEED Wireless Gaming Mouse @ HID: /dev/hidraw7 (Receiver) 
Wireless Index: 255
16878 |Info:    Profile loading: Succeeded for ASUS PRIME X570-P @ HID: /dev/hidraw0
49689 |Info:    Found file: Orange.orp attempting to validate header
49689 |Info:    Valid v4 profile found for Orange
49690 |Info:    Found file: Minn Rainbow.orp attempting to validate header
49690 |Info:    Valid v4 profile found for Minn Rainbow
