    OpenRGB v0.9
    Commit:  from 
    Launched: 20240804_164115
====================================================================================================

0     |Info:    Found file: Orange 2.orp attempting to validate header
0     |Info:    Valid v4 profile found for Orange 2
0     |Info:    Found file: Orange.orp attempting to validate header
0     |Info:    Valid v4 profile found for Orange
0     |Info:    Found file: Minn Rainbow.orp attempting to validate header
0     |Info:    Valid v4 profile found for Minn Rainbow
1006  |Info:    ------------------------------------------------------
1006  |Info:    |               Start device detection               |
1006  |Info:    ------------------------------------------------------
1006  |Info:    Initializing HID interfaces: Success
1013  |Info:    ------------------------------------------------------
1013  |Info:    |             Detecting I2C interfaces               |
1013  |Info:    ------------------------------------------------------
1013  |Info:    Registering I2C interface: /dev/i2c-3 Device 1002:744C Subsystem: 1849:5304
1013  |Info:    Registering I2C interface: /dev/i2c-10 Device 1022:790B Subsystem: 1043:87C0
1013  |Info:    Registering I2C interface: /dev/i2c-1 Device 1002:744C Subsystem: 1849:5304
1013  |Warning: [i2c_smbus_linux] Failed to read i2c device PCI device ID
1013  |Info:    Registering I2C interface: /dev/i2c-8 Device 0000:0000 Subsystem: 0000:0000
1013  |Warning: [i2c_smbus_linux] Failed to read i2c device PCI device ID
1013  |Info:    Registering I2C interface: /dev/i2c-6 Device 0000:0000 Subsystem: 0000:0000
1013  |Info:    Registering I2C interface: /dev/i2c-4 Device 1002:744C Subsystem: 1849:5304
1013  |Info:    Registering I2C interface: /dev/i2c-11 Device 1022:790B Subsystem: 1043:87C0
1013  |Info:    Registering I2C interface: /dev/i2c-2 Device 1002:744C Subsystem: 1849:5304
1014  |Info:    Registering I2C interface: /dev/i2c-0 Device 1002:744C Subsystem: 1849:5304
1014  |Info:    Registering I2C interface: /dev/i2c-9 Device 1022:790B Subsystem: 1043:87C0
1014  |Warning: [i2c_smbus_linux] Failed to read i2c device PCI device ID
1014  |Info:    Registering I2C interface: /dev/i2c-7 Device 0000:0000 Subsystem: 0000:0000
1014  |Info:    Registering I2C interface: /dev/i2c-5 Device 1002:744C Subsystem: 1849:5304
1014  |Info:    ------------------------------------------------------
1014  |Info:    |               Detecting I2C devices                |
1014  |Info:    ------------------------------------------------------
1355  |Info:    [ENE DRAM] Registering RGB controller
1507  |Info:    [ENE DRAM] Registering RGB controller
1652  |Info:    [ENE DRAM] Registering RGB controller
1797  |Info:    [ENE DRAM] Registering RGB controller
2787  |Info:    ------------------------------------------------------
2787  |Info:    |               Detecting I2C PCI devices            |
2787  |Info:    ------------------------------------------------------
2788  |Info:    ------------------------------------------------------
2788  |Info:    |               Detecting HID devices                |
2788  |Info:    ------------------------------------------------------
4055  |Info:    [G502 LIGHTSPEED Wireless Gaming Mouse] Registering RGB controller
4132  |Info:    [ASUS PRIME X570-P] Registering RGB controller
4132  |Info:    ------------------------------------------------------
4132  |Info:    |            Detecting libusb HID devices            |
4132  |Info:    ------------------------------------------------------
4246  |Info:    ------------------------------------------------------
4246  |Info:    |              Detecting other devices               |
4246  |Info:    ------------------------------------------------------
4256  |Info:    ------------------------------------------------------
4256  |Info:    |                Detection completed                 |
4256  |Info:    ------------------------------------------------------
19376 |Info:    Found file: Orange 2.orp attempting to validate header
19376 |Info:    Valid v4 profile found for Orange 2
19377 |Info:    Found file: Orange.orp attempting to validate header
19377 |Info:    Valid v4 profile found for Orange
19377 |Info:    Found file: Minn Rainbow.orp attempting to validate header
19377 |Info:    Valid v4 profile found for Minn Rainbow
24462 |Info:    Found file: Orange.orp attempting to validate header
24462 |Info:    Valid v4 profile found for Orange
24462 |Info:    Found file: Minn Rainbow.orp attempting to validate header
24462 |Info:    Valid v4 profile found for Minn Rainbow
26779 |Info:    Profile loading: Succeeded for ENE DRAM @ I2C: /dev/i2c-9, address 0x70
26779 |Info:    Profile loading: Succeeded for ENE DRAM @ I2C: /dev/i2c-9, address 0x71
26779 |Info:    Profile loading: Succeeded for ENE DRAM @ I2C: /dev/i2c-9, address 0x72
26779 |Info:    Profile loading: Succeeded for ENE DRAM @ I2C: /dev/i2c-9, address 0x73
26779 |Info:    Profile loading: Succeeded for G502 LIGHTSPEED Wireless Gaming Mouse @ HID: /dev/hidraw7 (Receiver) 
Wireless Index: 255
26779 |Info:    Profile loading: Succeeded for ASUS PRIME X570-P @ HID: /dev/hidraw5
45967 |Info:    Found file: Minn Rainbow.orp attempting to validate header
45967 |Info:    Valid v4 profile found for Minn Rainbow
338640|Info:    Found file: Orange.orp attempting to validate header
338640|Info:    Valid v4 profile found for Orange
338640|Info:    Found file: Minn Rainbow.orp attempting to validate header
338640|Info:    Valid v4 profile found for Minn Rainbow
