    OpenRGB v0.9
    Commit:  from 
    Launched: 20240801_231801
====================================================================================================

0     |Info:    Found file: Orange.orp attempting to validate header
0     |Info:    Valid v4 profile found for Orange
0     |Info:    Found file: Minn Rainbow.orp attempting to validate header
0     |Info:    Valid v4 profile found for Minn Rainbow
1002  |Info:    ------------------------------------------------------
1002  |Info:    |               Start device detection               |
1002  |Info:    ------------------------------------------------------
1002  |Info:    Initializing HID interfaces: Success
1011  |Info:    ------------------------------------------------------
1011  |Info:    |             Detecting I2C interfaces               |
1011  |Info:    ------------------------------------------------------
1011  |Info:    Registering I2C interface: /dev/i2c-3 Device 1002:744C Subsystem: 1849:5304
1012  |Info:    Registering I2C interface: /dev/i2c-10 Device 1022:790B Subsystem: 1043:87C0
1012  |Info:    Registering I2C interface: /dev/i2c-1 Device 1002:744C Subsystem: 1849:5304
1012  |Warning: [i2c_smbus_linux] Failed to read i2c device PCI device ID
1012  |Info:    Registering I2C interface: /dev/i2c-8 Device 0000:0000 Subsystem: 0000:0000
1012  |Warning: [i2c_smbus_linux] Failed to read i2c device PCI device ID
1012  |Info:    Registering I2C interface: /dev/i2c-6 Device 0000:0000 Subsystem: 0000:0000
1012  |Info:    Registering I2C interface: /dev/i2c-4 Device 1002:744C Subsystem: 1849:5304
1012  |Info:    Registering I2C interface: /dev/i2c-11 Device 1022:790B Subsystem: 1043:87C0
1012  |Info:    Registering I2C interface: /dev/i2c-2 Device 1002:744C Subsystem: 1849:5304
1012  |Info:    Registering I2C interface: /dev/i2c-0 Device 1002:744C Subsystem: 1849:5304
1012  |Info:    Registering I2C interface: /dev/i2c-9 Device 1022:790B Subsystem: 1043:87C0
1012  |Warning: [i2c_smbus_linux] Failed to read i2c device PCI device ID
1012  |Info:    Registering I2C interface: /dev/i2c-7 Device 0000:0000 Subsystem: 0000:0000
1012  |Info:    Registering I2C interface: /dev/i2c-5 Device 1002:744C Subsystem: 1849:5304
1012  |Info:    ------------------------------------------------------
1012  |Info:    |               Detecting I2C devices                |
1012  |Info:    ------------------------------------------------------
1306  |Info:    [ENE DRAM] Registering RGB controller
1444  |Info:    [ENE DRAM] Registering RGB controller
1574  |Info:    [ENE DRAM] Registering RGB controller
1705  |Info:    [ENE DRAM] Registering RGB controller
2640  |Info:    ------------------------------------------------------
2640  |Info:    |               Detecting I2C PCI devices            |
2640  |Info:    ------------------------------------------------------
2641  |Info:    ------------------------------------------------------
2641  |Info:    |               Detecting HID devices                |
2641  |Info:    ------------------------------------------------------
3519  |Info:    [G502 LIGHTSPEED Wireless Gaming Mouse] Unable add this device due to missing RGB Effects Feature
4078  |Info:    [G502 LIGHTSPEED Wireless Gaming Mouse] Registering RGB controller
4155  |Info:    [ASUS PRIME X570-P] Registering RGB controller
4155  |Info:    ------------------------------------------------------
4155  |Info:    |            Detecting libusb HID devices            |
4155  |Info:    ------------------------------------------------------
4265  |Info:    ------------------------------------------------------
4265  |Info:    |              Detecting other devices               |
4265  |Info:    ------------------------------------------------------
4275  |Info:    ------------------------------------------------------
4275  |Info:    |                Detection completed                 |
4275  |Info:    ------------------------------------------------------
11012 |Info:    Profile loading: Succeeded for ENE DRAM @ I2C: /dev/i2c-9, address 0x70
11012 |Info:    Profile loading: Succeeded for ENE DRAM @ I2C: /dev/i2c-9, address 0x71
11012 |Info:    Profile loading: Succeeded for ENE DRAM @ I2C: /dev/i2c-9, address 0x72
11012 |Info:    Profile loading: Succeeded for ENE DRAM @ I2C: /dev/i2c-9, address 0x73
11012 |Info:    Profile loading: Succeeded for G502 LIGHTSPEED Wireless Gaming Mouse @ HID: /dev/hidraw7 (Receiver) 
Wireless Index: 255
11012 |Info:    Profile loading: Succeeded for ASUS PRIME X570-P @ HID: /dev/hidraw4
41679 |Info:    Found file: Orange.orp attempting to validate header
41679 |Info:    Valid v4 profile found for Orange
41679 |Info:    Found file: Minn Rainbow.orp attempting to validate header
41679 |Info:    Valid v4 profile found for Minn Rainbow
43573 |Info:    Profile loading: Succeeded for ENE DRAM @ I2C: /dev/i2c-9, address 0x70
43573 |Info:    Profile loading: Succeeded for ENE DRAM @ I2C: /dev/i2c-9, address 0x71
43573 |Info:    Profile loading: Succeeded for ENE DRAM @ I2C: /dev/i2c-9, address 0x72
43573 |Info:    Profile loading: Succeeded for ENE DRAM @ I2C: /dev/i2c-9, address 0x73
43573 |Info:    Profile loading: Succeeded for G502 LIGHTSPEED Wireless Gaming Mouse @ HID: /dev/hidraw7 (Receiver) 
Wireless Index: 255
43573 |Info:    Profile loading: Succeeded for ASUS PRIME X570-P @ HID: /dev/hidraw4
