    OpenRGB v0.9
    Commit:  from 
    Launched: 20240818_220254
====================================================================================================

0     |Info:    Found file: Orange.orp attempting to validate header
0     |Info:    Valid v4 profile found for Orange
0     |Info:    Found file: Minn Rainbow.orp attempting to validate header
0     |Info:    Valid v4 profile found for Minn Rainbow
1006  |Info:    ------------------------------------------------------
1006  |Info:    |               Start device detection               |
1006  |Info:    ------------------------------------------------------
1006  |Info:    Initializing HID interfaces: Success
1012  |Info:    ------------------------------------------------------
1012  |Info:    |             Detecting I2C interfaces               |
1012  |Info:    ------------------------------------------------------
1012  |Info:    Registering I2C interface: /dev/i2c-3 Device 1002:744C Subsystem: 1849:5304
1012  |Info:    Registering I2C interface: /dev/i2c-10 Device 1022:790B Subsystem: 1043:87C0
1012  |Info:    Registering I2C interface: /dev/i2c-1 Device 1002:744C Subsystem: 1849:5304
1012  |Warning: [i2c_smbus_linux] Failed to read i2c device PCI device ID
1013  |Info:    Registering I2C interface: /dev/i2c-8 Device 0000:0000 Subsystem: 0000:0000
1013  |Warning: [i2c_smbus_linux] Failed to read i2c device PCI device ID
1013  |Info:    Registering I2C interface: /dev/i2c-6 Device 0000:0000 Subsystem: 0000:0000
1013  |Info:    Registering I2C interface: /dev/i2c-4 Device 1002:744C Subsystem: 1849:5304
1013  |Info:    Registering I2C interface: /dev/i2c-11 Device 1022:790B Subsystem: 1043:87C0
1013  |Info:    Registering I2C interface: /dev/i2c-2 Device 1002:744C Subsystem: 1849:5304
1013  |Info:    Registering I2C interface: /dev/i2c-0 Device 1002:744C Subsystem: 1849:5304
1013  |Info:    Registering I2C interface: /dev/i2c-9 Device 1022:790B Subsystem: 1043:87C0
1013  |Warning: [i2c_smbus_linux] Failed to read i2c device PCI device ID
1013  |Info:    Registering I2C interface: /dev/i2c-7 Device 0000:0000 Subsystem: 0000:0000
1013  |Info:    Registering I2C interface: /dev/i2c-5 Device 1002:744C Subsystem: 1849:5304
1013  |Info:    ------------------------------------------------------
1013  |Info:    |               Detecting I2C devices                |
1013  |Info:    ------------------------------------------------------
1375  |Info:    [ENE DRAM] Registering RGB controller
1552  |Info:    [ENE DRAM] Registering RGB controller
1719  |Info:    [ENE DRAM] Registering RGB controller
1889  |Info:    [ENE DRAM] Registering RGB controller
2880  |Info:    ------------------------------------------------------
2880  |Info:    |               Detecting I2C PCI devices            |
2880  |Info:    ------------------------------------------------------
2880  |Info:    ------------------------------------------------------
2880  |Info:    |               Detecting HID devices                |
2880  |Info:    ------------------------------------------------------
4091  |Info:    [G502 LIGHTSPEED Wireless Gaming Mouse] Registering RGB controller
4166  |Info:    [ASUS PRIME X570-P] Registering RGB controller
4166  |Info:    ------------------------------------------------------
4166  |Info:    |            Detecting libusb HID devices            |
4166  |Info:    ------------------------------------------------------
4274  |Info:    ------------------------------------------------------
4274  |Info:    |              Detecting other devices               |
4274  |Info:    ------------------------------------------------------
4282  |Info:    ------------------------------------------------------
4282  |Info:    |                Detection completed                 |
4282  |Info:    ------------------------------------------------------
4282  |Info:    Profile loading: Succeeded for ENE DRAM @ I2C: /dev/i2c-9, address 0x70
4282  |Info:    Profile loading: Succeeded for ENE DRAM @ I2C: /dev/i2c-9, address 0x71
4282  |Info:    Profile loading: Succeeded for ENE DRAM @ I2C: /dev/i2c-9, address 0x72
4282  |Info:    Profile loading: Succeeded for ENE DRAM @ I2C: /dev/i2c-9, address 0x73
4282  |Info:    Profile loading: Succeeded for G502 LIGHTSPEED Wireless Gaming Mouse @ HID: /dev/hidraw7 (Receiver) 
Wireless Index: 255
4282  |Info:    Profile loading: Succeeded for ASUS PRIME X570-P @ HID: /dev/hidraw6
