    OpenRGB v0.9
    Commit:  from 
    Launched: 20240804_164755
====================================================================================================

0     |Info:    Found file: Orange.orp attempting to validate header
0     |Info:    Valid v4 profile found for Orange
0     |Info:    Found file: Minn Rainbow.orp attempting to validate header
0     |Info:    Valid v4 profile found for Minn Rainbow
1001  |Info:    ------------------------------------------------------
1001  |Info:    |               Start device detection               |
1001  |Info:    ------------------------------------------------------
1002  |Info:    Initializing HID interfaces: Success
1007  |Info:    ------------------------------------------------------
1007  |Info:    |             Detecting I2C interfaces               |
1007  |Info:    ------------------------------------------------------
1007  |Info:    Registering I2C interface: /dev/i2c-3 Device 1002:744C Subsystem: 1849:5304
1008  |Info:    Registering I2C interface: /dev/i2c-10 Device 1022:790B Subsystem: 1043:87C0
1008  |Info:    Registering I2C interface: /dev/i2c-1 Device 1002:744C Subsystem: 1849:5304
1008  |Warning: [i2c_smbus_linux] Failed to read i2c device PCI device ID
1008  |Info:    Registering I2C interface: /dev/i2c-8 Device 0000:0000 Subsystem: 0000:0000
1008  |Warning: [i2c_smbus_linux] Failed to read i2c device PCI device ID
1008  |Info:    Registering I2C interface: /dev/i2c-6 Device 0000:0000 Subsystem: 0000:0000
1008  |Info:    Registering I2C interface: /dev/i2c-4 Device 1002:744C Subsystem: 1849:5304
1008  |Info:    Registering I2C interface: /dev/i2c-11 Device 1022:790B Subsystem: 1043:87C0
1008  |Info:    Registering I2C interface: /dev/i2c-2 Device 1002:744C Subsystem: 1849:5304
1008  |Info:    Registering I2C interface: /dev/i2c-0 Device 1002:744C Subsystem: 1849:5304
1008  |Info:    Registering I2C interface: /dev/i2c-9 Device 1022:790B Subsystem: 1043:87C0
1008  |Warning: [i2c_smbus_linux] Failed to read i2c device PCI device ID
1008  |Info:    Registering I2C interface: /dev/i2c-7 Device 0000:0000 Subsystem: 0000:0000
1008  |Info:    Registering I2C interface: /dev/i2c-5 Device 1002:744C Subsystem: 1849:5304
1008  |Info:    ------------------------------------------------------
1008  |Info:    |               Detecting I2C devices                |
1008  |Info:    ------------------------------------------------------
1287  |Info:    [ENE DRAM] Registering RGB controller
1462  |Info:    [ENE DRAM] Registering RGB controller
1623  |Info:    [ENE DRAM] Registering RGB controller
1780  |Info:    [ENE DRAM] Registering RGB controller
2779  |Info:    ------------------------------------------------------
2779  |Info:    |               Detecting I2C PCI devices            |
2779  |Info:    ------------------------------------------------------
2779  |Info:    ------------------------------------------------------
2779  |Info:    |               Detecting HID devices                |
2779  |Info:    ------------------------------------------------------
