    OpenRGB v0.9
    Commit:  from 
    Launched: 20240806_174947
====================================================================================================

0     |Info:    Found file: Orange.orp attempting to validate header
0     |Info:    Valid v4 profile found for Orange
0     |Info:    Found file: Minn Rainbow.orp attempting to validate header
0     |Info:    Valid v4 profile found for Minn Rainbow
1001  |Info:    ------------------------------------------------------
1001  |Info:    |               Start device detection               |
1001  |Info:    ------------------------------------------------------
1001  |Info:    Initializing HID interfaces: Success
1007  |Info:    ------------------------------------------------------
1007  |Info:    |             Detecting I2C interfaces               |
1007  |Info:    ------------------------------------------------------
1007  |Info:    Registering I2C interface: /dev/i2c-3 Device 1002:744C Subsystem: 1849:5304
1008  |Info:    Registering I2C interface: /dev/i2c-10 Device 1022:790B Subsystem: 1043:87C0
1008  |Info:    Registering I2C interface: /dev/i2c-1 Device 1002:744C Subsystem: 1849:5304
1008  |Warning: [i2c_smbus_linux] Failed to read i2c device PCI device ID
1008  |Info:    Registering I2C interface: /dev/i2c-8 Device 0000:0000 Subsystem: 0000:0000
1008  |Warning: [i2c_smbus_linux] Failed to read i2c device PCI device ID
1008  |Info:    Registering I2C interface: /dev/i2c-6 Device 0000:0000 Subsystem: 0000:0000
1008  |Info:    Registering I2C interface: /dev/i2c-4 Device 1002:744C Subsystem: 1849:5304
1008  |Info:    Registering I2C interface: /dev/i2c-11 Device 1022:790B Subsystem: 1043:87C0
1008  |Info:    Registering I2C interface: /dev/i2c-2 Device 1002:744C Subsystem: 1849:5304
1008  |Info:    Registering I2C interface: /dev/i2c-0 Device 1002:744C Subsystem: 1849:5304
1008  |Info:    Registering I2C interface: /dev/i2c-9 Device 1022:790B Subsystem: 1043:87C0
1008  |Warning: [i2c_smbus_linux] Failed to read i2c device PCI device ID
1008  |Info:    Registering I2C interface: /dev/i2c-7 Device 0000:0000 Subsystem: 0000:0000
1008  |Info:    Registering I2C interface: /dev/i2c-5 Device 1002:744C Subsystem: 1849:5304
1008  |Info:    ------------------------------------------------------
1008  |Info:    |               Detecting I2C devices                |
1008  |Info:    ------------------------------------------------------
1293  |Info:    [ENE DRAM] Registering RGB controller
1467  |Info:    [ENE DRAM] Registering RGB controller
1625  |Info:    [ENE DRAM] Registering RGB controller
1783  |Info:    [ENE DRAM] Registering RGB controller
2785  |Info:    ------------------------------------------------------
2785  |Info:    |               Detecting I2C PCI devices            |
2785  |Info:    ------------------------------------------------------
2786  |Info:    ------------------------------------------------------
2786  |Info:    |               Detecting HID devices                |
2786  |Info:    ------------------------------------------------------
4147  |Info:    [G502 LIGHTSPEED Wireless Gaming Mouse] Registering RGB controller
4231  |Info:    [ASUS PRIME X570-P] Registering RGB controller
4231  |Info:    ------------------------------------------------------
4231  |Info:    |            Detecting libusb HID devices            |
4231  |Info:    ------------------------------------------------------
4342  |Info:    ------------------------------------------------------
4342  |Info:    |              Detecting other devices               |
4342  |Info:    ------------------------------------------------------
4354  |Info:    ------------------------------------------------------
4354  |Info:    |                Detection completed                 |
4354  |Info:    ------------------------------------------------------
4355  |Info:    Profile loading: Succeeded for ENE DRAM @ I2C: /dev/i2c-9, address 0x70
4355  |Info:    Profile loading: Succeeded for ENE DRAM @ I2C: /dev/i2c-9, address 0x71
4355  |Info:    Profile loading: Succeeded for ENE DRAM @ I2C: /dev/i2c-9, address 0x72
4355  |Info:    Profile loading: Succeeded for ENE DRAM @ I2C: /dev/i2c-9, address 0x73
4355  |Info:    Profile loading: Succeeded for G502 LIGHTSPEED Wireless Gaming Mouse @ HID: /dev/hidraw7 (Receiver) 
Wireless Index: 255
4355  |Info:    Profile loading: Succeeded for ASUS PRIME X570-P @ HID: /dev/hidraw0
