    OpenRGB v0.9
    Commit:  from 
    Launched: 20240810_173110
====================================================================================================

0     |Info:    Found file: Orange.orp attempting to validate header
0     |Info:    Valid v4 profile found for Orange
0     |Info:    Found file: Minn Rainbow.orp attempting to validate header
0     |Info:    Valid v4 profile found for Minn Rainbow
1006  |Info:    ------------------------------------------------------
1006  |Info:    |               Start device detection               |
1006  |Info:    ------------------------------------------------------
1006  |Info:    Initializing HID interfaces: Success
1015  |Info:    ------------------------------------------------------
1015  |Info:    |             Detecting I2C interfaces               |
1015  |Info:    ------------------------------------------------------
1015  |Info:    Registering I2C interface: /dev/i2c-3 Device 1002:744C Subsystem: 1849:5304
1015  |Info:    Registering I2C interface: /dev/i2c-10 Device 1022:790B Subsystem: 1043:87C0
1015  |Info:    Registering I2C interface: /dev/i2c-1 Device 1002:744C Subsystem: 1849:5304
1015  |Warning: [i2c_smbus_linux] Failed to read i2c device PCI device ID
1015  |Info:    Registering I2C interface: /dev/i2c-8 Device 0000:0000 Subsystem: 0000:0000
1015  |Warning: [i2c_smbus_linux] Failed to read i2c device PCI device ID
1015  |Info:    Registering I2C interface: /dev/i2c-6 Device 0000:0000 Subsystem: 0000:0000
1015  |Info:    Registering I2C interface: /dev/i2c-4 Device 1002:744C Subsystem: 1849:5304
1015  |Info:    Registering I2C interface: /dev/i2c-11 Device 1022:790B Subsystem: 1043:87C0
1015  |Info:    Registering I2C interface: /dev/i2c-2 Device 1002:744C Subsystem: 1849:5304
1015  |Info:    Registering I2C interface: /dev/i2c-0 Device 1002:744C Subsystem: 1849:5304
1015  |Info:    Registering I2C interface: /dev/i2c-9 Device 1022:790B Subsystem: 1043:87C0
1015  |Warning: [i2c_smbus_linux] Failed to read i2c device PCI device ID
1015  |Info:    Registering I2C interface: /dev/i2c-7 Device 0000:0000 Subsystem: 0000:0000
1016  |Info:    Registering I2C interface: /dev/i2c-5 Device 1002:744C Subsystem: 1849:5304
1016  |Info:    ------------------------------------------------------
1016  |Info:    |               Detecting I2C devices                |
1016  |Info:    ------------------------------------------------------
1380  |Info:    [ENE DRAM] Registering RGB controller
1558  |Info:    [ENE DRAM] Registering RGB controller
1725  |Info:    [ENE DRAM] Registering RGB controller
1901  |Info:    [ENE DRAM] Registering RGB controller
2901  |Info:    ------------------------------------------------------
2901  |Info:    |               Detecting I2C PCI devices            |
2901  |Info:    ------------------------------------------------------
2901  |Info:    ------------------------------------------------------
2901  |Info:    |               Detecting HID devices                |
2901  |Info:    ------------------------------------------------------
3256  |Info:    Unable add this Logitech device: Not Connected
3610  |Info:    Unable add this Logitech device: Not Connected
3964  |Info:    Unable add this Logitech device: Not Connected
4318  |Info:    Unable add this Logitech device: Not Connected
4672  |Info:    Unable add this Logitech device: Not Connected
5026  |Info:    Unable add this Logitech device: Not Connected
5380  |Info:    Unable add this Logitech device: Not Connected
5734  |Info:    Unable add this Logitech device: Not Connected
6088  |Info:    Unable add this Logitech device: Not Connected
6442  |Info:    Unable add this Logitech device: Not Connected
6517  |Info:    [ASUS PRIME X570-P] Registering RGB controller
6517  |Info:    ------------------------------------------------------
6517  |Info:    |            Detecting libusb HID devices            |
6517  |Info:    ------------------------------------------------------
6650  |Info:    ------------------------------------------------------
6650  |Info:    |              Detecting other devices               |
6650  |Info:    ------------------------------------------------------
6664  |Info:    ------------------------------------------------------
6664  |Info:    |                Detection completed                 |
6664  |Info:    ------------------------------------------------------
6664  |Info:    Profile loading: Succeeded for ENE DRAM @ I2C: /dev/i2c-9, address 0x70
6664  |Info:    Profile loading: Succeeded for ENE DRAM @ I2C: /dev/i2c-9, address 0x71
6664  |Info:    Profile loading: Succeeded for ENE DRAM @ I2C: /dev/i2c-9, address 0x72
6664  |Info:    Profile loading: Succeeded for ENE DRAM @ I2C: /dev/i2c-9, address 0x73
6664  |Info:    Profile loading: Succeeded for ASUS PRIME X570-P @ HID: /dev/hidraw6
