2024-07-25 23:04:49.591 [info] Getting Manifest... charliermarsh.ruff
2024-07-25 23:04:49.593 [info] Getting Manifest... eamodio.gitlens
2024-07-25 23:04:49.593 [info] Getting Manifest... pkief.material-icon-theme
2024-07-25 23:04:50.331 [info] Installing extension: pkief.material-icon-theme {"productVersion":{"version":"1.91.1","date":"2024-07-11T18:37:10.462Z"},"pinned":false,"isApplicationScoped":false,"profileLocation":{"$mid":1,"external":"vscode-userdata:/home/steinardth/.vscode-oss/extensions/extensions.json","path":"/home/steinardth/.vscode-oss/extensions/extensions.json","scheme":"vscode-userdata"},"installOnlyNewlyAddedFromExtensionPack":true}
2024-07-25 23:04:50.381 [info] Installing extension: charliermarsh.ruff {"productVersion":{"version":"1.91.1","date":"2024-07-11T18:37:10.462Z"},"pinned":false,"isApplicationScoped":false,"profileLocation":{"$mid":1,"external":"vscode-userdata:/home/steinardth/.vscode-oss/extensions/extensions.json","path":"/home/steinardth/.vscode-oss/extensions/extensions.json","scheme":"vscode-userdata"},"installOnlyNewlyAddedFromExtensionPack":true}
2024-07-25 23:04:50.541 [info] Getting Manifest... ms-python.python
2024-07-25 23:04:50.755 [info] Installing extension: eamodio.gitlens {"productVersion":{"version":"1.91.1","date":"2024-07-11T18:37:10.462Z"},"pinned":false,"isApplicationScoped":false,"profileLocation":{"$mid":1,"external":"vscode-userdata:/home/steinardth/.vscode-oss/extensions/extensions.json","path":"/home/steinardth/.vscode-oss/extensions/extensions.json","scheme":"vscode-userdata"},"installOnlyNewlyAddedFromExtensionPack":true}
2024-07-25 23:04:51.338 [info] Extracted extension to file:///home/steinardth/.vscode-oss/extensions/pkief.material-icon-theme-5.8.0-universal: pkief.material-icon-theme
2024-07-25 23:04:51.341 [info] Renamed to /home/steinardth/.vscode-oss/extensions/pkief.material-icon-theme-5.8.0-universal
2024-07-25 23:04:51.357 [info] Marked extension as uninstalled pkief.material-icon-theme-5.6.0-universal
2024-07-25 23:04:51.361 [info] Extension installed successfully: pkief.material-icon-theme vscode-userdata:/home/steinardth/.vscode-oss/extensions/extensions.json
2024-07-25 23:04:51.423 [error] [uncaught exception in sharedProcess]: Error: ENOENT: no such file or directory, stat '/home/steinardth/.vscode-oss/extensions/extensions.json.vsctmp': EntryNotFound (FileSystemError): Error: ENOENT: no such file or directory, stat '/home/steinardth/.vscode-oss/extensions/extensions.json.vsctmp'
    at u.create (/opt/vscodium-bin/resources/app/out/vs/code/node/sharedProcess/sharedProcessMain.js:54:22080)
    at d (/opt/vscodium-bin/resources/app/out/vs/code/node/sharedProcess/sharedProcessMain.js:54:22210)
    at R.toFileSystemProviderError (/opt/vscodium-bin/resources/app/out/vs/code/node/sharedProcess/sharedProcessMain.js:59:47900)
    at R.stat (/opt/vscodium-bin/resources/app/out/vs/code/node/sharedProcess/sharedProcessMain.js:59:38403)
    at async s.stat (/opt/vscodium-bin/resources/app/out/vs/code/node/sharedProcess/sharedProcessMain.js:59:19760)
    at async z.onDidFilesChange (/opt/vscodium-bin/resources/app/out/vs/code/node/sharedProcess/sharedProcessMain.js:105:146943)
2024-07-25 23:04:51.994 [info] Extracted extension to file:///home/steinardth/.vscode-oss/extensions/charliermarsh.ruff-2024.36.0-linux-x64: charliermarsh.ruff
2024-07-25 23:04:51.996 [info] Renamed to /home/steinardth/.vscode-oss/extensions/charliermarsh.ruff-2024.36.0-linux-x64
2024-07-25 23:04:52.001 [info] Marked extension as uninstalled charliermarsh.ruff-2024.30.0-linux-x64
2024-07-25 23:04:52.019 [info] Extension installed successfully: charliermarsh.ruff vscode-userdata:/home/steinardth/.vscode-oss/extensions/extensions.json
2024-07-25 23:04:52.075 [error] [uncaught exception in sharedProcess]: Error: ENOENT: no such file or directory, stat '/home/steinardth/.vscode-oss/extensions/extensions.json.vsctmp': EntryNotFound (FileSystemError): Error: ENOENT: no such file or directory, stat '/home/steinardth/.vscode-oss/extensions/extensions.json.vsctmp'
    at u.create (/opt/vscodium-bin/resources/app/out/vs/code/node/sharedProcess/sharedProcessMain.js:54:22080)
    at d (/opt/vscodium-bin/resources/app/out/vs/code/node/sharedProcess/sharedProcessMain.js:54:22210)
    at R.toFileSystemProviderError (/opt/vscodium-bin/resources/app/out/vs/code/node/sharedProcess/sharedProcessMain.js:59:47900)
    at R.stat (/opt/vscodium-bin/resources/app/out/vs/code/node/sharedProcess/sharedProcessMain.js:59:38403)
    at async s.stat (/opt/vscodium-bin/resources/app/out/vs/code/node/sharedProcess/sharedProcessMain.js:59:19760)
    at async z.onDidFilesChange (/opt/vscodium-bin/resources/app/out/vs/code/node/sharedProcess/sharedProcessMain.js:105:146943)
2024-07-25 23:04:52.541 [info] Extracted extension to file:///home/steinardth/.vscode-oss/extensions/eamodio.gitlens-15.2.1-universal: eamodio.gitlens
2024-07-25 23:04:52.550 [info] Renamed to /home/steinardth/.vscode-oss/extensions/eamodio.gitlens-15.2.1-universal
2024-07-25 23:04:52.563 [error] [uncaught exception in sharedProcess]: Error: ENOENT: no such file or directory, stat '/home/steinardth/.vscode-oss/extensions/extensions.json.vsctmp': EntryNotFound (FileSystemError): Error: ENOENT: no such file or directory, stat '/home/steinardth/.vscode-oss/extensions/extensions.json.vsctmp'
    at u.create (/opt/vscodium-bin/resources/app/out/vs/code/node/sharedProcess/sharedProcessMain.js:54:22080)
    at d (/opt/vscodium-bin/resources/app/out/vs/code/node/sharedProcess/sharedProcessMain.js:54:22210)
    at R.toFileSystemProviderError (/opt/vscodium-bin/resources/app/out/vs/code/node/sharedProcess/sharedProcessMain.js:59:47900)
    at R.stat (/opt/vscodium-bin/resources/app/out/vs/code/node/sharedProcess/sharedProcessMain.js:59:38403)
    at async s.stat (/opt/vscodium-bin/resources/app/out/vs/code/node/sharedProcess/sharedProcessMain.js:59:19760)
    at async z.onDidFilesChange (/opt/vscodium-bin/resources/app/out/vs/code/node/sharedProcess/sharedProcessMain.js:105:146943)
2024-07-25 23:04:52.571 [info] Marked extension as uninstalled eamodio.gitlens-15.2.0-universal
2024-07-25 23:04:52.582 [info] Extension installed successfully: eamodio.gitlens vscode-userdata:/home/steinardth/.vscode-oss/extensions/extensions.json
