2024-07-29 20:06:26.162 [info] Extension host with pid 39629 started
2024-07-29 20:06:26.343 [info] ExtensionService#_doActivateExtension vscode.emmet, startup: false, activationEvent: 'onLanguage'
2024-07-29 20:06:26.348 [info] ExtensionService#_doActivateExtension vscode.configuration-editing, startup: false, activationEvent: 'onLanguage:jsonc'
2024-07-29 20:06:26.351 [info] ExtensionService#_doActivateExtension vscode.json-language-features, startup: false, activationEvent: 'onLanguage:jsonc'
2024-07-29 20:06:26.364 [info] ExtensionService#_doActivateExtension vscode.typescript-language-features, startup: false, activationEvent: 'onLanguage:jsonc'
2024-07-29 20:06:26.523 [info] ExtensionService#_doActivateExtension vscode.git-base, startup: true, activationEvent: '*', root cause: vscode.git
2024-07-29 20:06:26.525 [info] ExtensionService#_doActivateExtension christian-kohler.path-intellisense, startup: true, activationEvent: '*'
2024-07-29 20:06:26.537 [info] ExtensionService#_doActivateExtension mhutchie.git-graph, startup: true, activationEvent: '*'
2024-07-29 20:06:26.611 [info] ExtensionService#_doActivateExtension vscode.git, startup: true, activationEvent: '*'
2024-07-29 20:06:26.629 [info] ExtensionService#_doActivateExtension vscode.github, startup: true, activationEvent: '*'
2024-07-29 20:06:26.696 [info] Eager extensions activated
2024-07-29 20:06:26.705 [info] ExtensionService#_doActivateExtension vscode.debug-auto-launch, startup: false, activationEvent: 'onStartupFinished'
2024-07-29 20:06:26.707 [info] ExtensionService#_doActivateExtension vscode.merge-conflict, startup: false, activationEvent: 'onStartupFinished'
2024-07-29 20:06:26.711 [info] ExtensionService#_doActivateExtension alefragnani.Bookmarks, startup: false, activationEvent: 'onStartupFinished'
2024-07-29 20:06:26.715 [info] ExtensionService#_doActivateExtension Continue.continue, startup: false, activationEvent: 'onStartupFinished'
2024-07-29 20:06:26.818 [info] ExtensionService#_doActivateExtension eamodio.gitlens, startup: false, activationEvent: 'onStartupFinished'
2024-07-29 20:06:26.846 [info] ExtensionService#_doActivateExtension esbenp.prettier-vscode, startup: false, activationEvent: 'onStartupFinished'
2024-07-29 20:06:26.869 [info] ExtensionService#_doActivateExtension formulahendry.code-runner, startup: false, activationEvent: 'onStartupFinished'
2024-07-29 20:06:26.892 [info] ExtensionService#_doActivateExtension Gruntfuggly.todo-tree, startup: false, activationEvent: 'onStartupFinished'
2024-07-29 20:06:26.901 [info] ExtensionService#_doActivateExtension naumovs.color-highlight, startup: false, activationEvent: 'onStartupFinished'
2024-07-29 20:06:26.904 [info] ExtensionService#_doActivateExtension PKief.material-icon-theme, startup: false, activationEvent: 'onStartupFinished'
2024-07-29 20:06:26.909 [info] ExtensionService#_doActivateExtension usernamehw.errorlens, startup: false, activationEvent: 'onStartupFinished'
2024-07-29 20:06:27.160 [info] ExtensionService#_doActivateExtension vscode.github-authentication, startup: false, activationEvent: 'onAuthenticationRequest:github'
2024-07-29 20:06:30.672 [error] Error: Parsing failed
	at _Parser.parse (/home/steinardth/.vscode-oss/extensions/continue.continue-0.8.43-linux-x64/out/extension.js:94675:81)
	at _ImportDefinitionsService._getFileInfo (/home/steinardth/.vscode-oss/extensions/continue.continue-0.8.43-linux-x64/out/extension.js:95581:28)
	at async PrecalculatedLruCache.initKey (/home/steinardth/.vscode-oss/extensions/continue.continue-0.8.43-linux-x64/out/extension.js:93531:25)
2024-07-29 20:06:30.672 [error] Error: Parsing failed
	at _Parser.parse (/home/steinardth/.vscode-oss/extensions/continue.continue-0.8.43-linux-x64/out/extension.js:94675:81)
	at _ImportDefinitionsService._getFileInfo (/home/steinardth/.vscode-oss/extensions/continue.continue-0.8.43-linux-x64/out/extension.js:95581:28)
	at async PrecalculatedLruCache.initKey (/home/steinardth/.vscode-oss/extensions/continue.continue-0.8.43-linux-x64/out/extension.js:93531:25)
2024-07-29 20:09:35.093 [info] ExtensionService#_doActivateExtension tamasfe.even-better-toml, startup: false, activationEvent: 'onLanguage:toml'
2024-07-29 20:09:49.278 [error] Error: Parsing failed
	at _Parser.parse (/home/steinardth/.vscode-oss/extensions/continue.continue-0.8.43-linux-x64/out/extension.js:94675:81)
	at _ImportDefinitionsService._getFileInfo (/home/steinardth/.vscode-oss/extensions/continue.continue-0.8.43-linux-x64/out/extension.js:95581:28)
	at async PrecalculatedLruCache.initKey (/home/steinardth/.vscode-oss/extensions/continue.continue-0.8.43-linux-x64/out/extension.js:93531:25)
2024-07-29 20:09:49.278 [error] Error: Parsing failed
	at _Parser.parse (/home/steinardth/.vscode-oss/extensions/continue.continue-0.8.43-linux-x64/out/extension.js:94675:81)
	at _ImportDefinitionsService._getFileInfo (/home/steinardth/.vscode-oss/extensions/continue.continue-0.8.43-linux-x64/out/extension.js:95581:28)
	at async PrecalculatedLruCache.initKey (/home/steinardth/.vscode-oss/extensions/continue.continue-0.8.43-linux-x64/out/extension.js:93531:25)
2024-07-29 20:12:02.251 [error] Error: Parsing failed
	at _Parser.parse (/home/steinardth/.vscode-oss/extensions/continue.continue-0.8.43-linux-x64/out/extension.js:94675:81)
	at _ImportDefinitionsService._getFileInfo (/home/steinardth/.vscode-oss/extensions/continue.continue-0.8.43-linux-x64/out/extension.js:95581:28)
	at async PrecalculatedLruCache.initKey (/home/steinardth/.vscode-oss/extensions/continue.continue-0.8.43-linux-x64/out/extension.js:93531:25)
2024-07-29 20:12:02.252 [error] Error: Parsing failed
	at _Parser.parse (/home/steinardth/.vscode-oss/extensions/continue.continue-0.8.43-linux-x64/out/extension.js:94675:81)
	at _ImportDefinitionsService._getFileInfo (/home/steinardth/.vscode-oss/extensions/continue.continue-0.8.43-linux-x64/out/extension.js:95581:28)
	at async PrecalculatedLruCache.initKey (/home/steinardth/.vscode-oss/extensions/continue.continue-0.8.43-linux-x64/out/extension.js:93531:25)
2024-07-29 20:15:31.859 [error] Error: Parsing failed
	at _Parser.parse (/home/steinardth/.vscode-oss/extensions/continue.continue-0.8.43-linux-x64/out/extension.js:94675:81)
	at _ImportDefinitionsService._getFileInfo (/home/steinardth/.vscode-oss/extensions/continue.continue-0.8.43-linux-x64/out/extension.js:95581:28)
	at async PrecalculatedLruCache.initKey (/home/steinardth/.vscode-oss/extensions/continue.continue-0.8.43-linux-x64/out/extension.js:93531:25)
2024-07-29 20:15:31.860 [error] Error: Parsing failed
	at _Parser.parse (/home/steinardth/.vscode-oss/extensions/continue.continue-0.8.43-linux-x64/out/extension.js:94675:81)
	at _ImportDefinitionsService._getFileInfo (/home/steinardth/.vscode-oss/extensions/continue.continue-0.8.43-linux-x64/out/extension.js:95581:28)
	at async PrecalculatedLruCache.initKey (/home/steinardth/.vscode-oss/extensions/continue.continue-0.8.43-linux-x64/out/extension.js:93531:25)
2024-07-29 20:26:13.040 [error] Error: Parsing failed
	at _Parser.parse (/home/steinardth/.vscode-oss/extensions/continue.continue-0.8.43-linux-x64/out/extension.js:94675:81)
	at _ImportDefinitionsService._getFileInfo (/home/steinardth/.vscode-oss/extensions/continue.continue-0.8.43-linux-x64/out/extension.js:95581:28)
	at async PrecalculatedLruCache.initKey (/home/steinardth/.vscode-oss/extensions/continue.continue-0.8.43-linux-x64/out/extension.js:93531:25)
2024-07-29 20:26:13.040 [error] Error: Parsing failed
	at _Parser.parse (/home/steinardth/.vscode-oss/extensions/continue.continue-0.8.43-linux-x64/out/extension.js:94675:81)
	at _ImportDefinitionsService._getFileInfo (/home/steinardth/.vscode-oss/extensions/continue.continue-0.8.43-linux-x64/out/extension.js:95581:28)
	at async PrecalculatedLruCache.initKey (/home/steinardth/.vscode-oss/extensions/continue.continue-0.8.43-linux-x64/out/extension.js:93531:25)
2024-07-29 20:30:10.867 [error] Error: Parsing failed
	at _Parser.parse (/home/steinardth/.vscode-oss/extensions/continue.continue-0.8.43-linux-x64/out/extension.js:94675:81)
	at _ImportDefinitionsService._getFileInfo (/home/steinardth/.vscode-oss/extensions/continue.continue-0.8.43-linux-x64/out/extension.js:95581:28)
	at async PrecalculatedLruCache.initKey (/home/steinardth/.vscode-oss/extensions/continue.continue-0.8.43-linux-x64/out/extension.js:93531:25)
2024-07-29 20:30:10.867 [error] Error: Parsing failed
	at _Parser.parse (/home/steinardth/.vscode-oss/extensions/continue.continue-0.8.43-linux-x64/out/extension.js:94675:81)
	at _ImportDefinitionsService._getFileInfo (/home/steinardth/.vscode-oss/extensions/continue.continue-0.8.43-linux-x64/out/extension.js:95581:28)
	at async PrecalculatedLruCache.initKey (/home/steinardth/.vscode-oss/extensions/continue.continue-0.8.43-linux-x64/out/extension.js:93531:25)
2024-07-29 20:39:00.794 [error] Error: Parsing failed
	at _Parser.parse (/home/steinardth/.vscode-oss/extensions/continue.continue-0.8.43-linux-x64/out/extension.js:94675:81)
	at _ImportDefinitionsService._getFileInfo (/home/steinardth/.vscode-oss/extensions/continue.continue-0.8.43-linux-x64/out/extension.js:95581:28)
	at async PrecalculatedLruCache.initKey (/home/steinardth/.vscode-oss/extensions/continue.continue-0.8.43-linux-x64/out/extension.js:93531:25)
2024-07-29 20:39:00.794 [error] Error: Parsing failed
	at _Parser.parse (/home/steinardth/.vscode-oss/extensions/continue.continue-0.8.43-linux-x64/out/extension.js:94675:81)
	at _ImportDefinitionsService._getFileInfo (/home/steinardth/.vscode-oss/extensions/continue.continue-0.8.43-linux-x64/out/extension.js:95581:28)
	at async PrecalculatedLruCache.initKey (/home/steinardth/.vscode-oss/extensions/continue.continue-0.8.43-linux-x64/out/extension.js:93531:25)
2024-07-29 20:39:46.767 [error] Error: Parsing failed
	at _Parser.parse (/home/steinardth/.vscode-oss/extensions/continue.continue-0.8.43-linux-x64/out/extension.js:94675:81)
	at _ImportDefinitionsService._getFileInfo (/home/steinardth/.vscode-oss/extensions/continue.continue-0.8.43-linux-x64/out/extension.js:95581:28)
	at async PrecalculatedLruCache.initKey (/home/steinardth/.vscode-oss/extensions/continue.continue-0.8.43-linux-x64/out/extension.js:93531:25)
2024-07-29 20:39:46.769 [error] Error: Parsing failed
	at _Parser.parse (/home/steinardth/.vscode-oss/extensions/continue.continue-0.8.43-linux-x64/out/extension.js:94675:81)
	at _ImportDefinitionsService._getFileInfo (/home/steinardth/.vscode-oss/extensions/continue.continue-0.8.43-linux-x64/out/extension.js:95581:28)
	at async PrecalculatedLruCache.initKey (/home/steinardth/.vscode-oss/extensions/continue.continue-0.8.43-linux-x64/out/extension.js:93531:25)
2024-07-29 20:47:35.026 [warning] Illegal argument: TextEditor(vs.editor.ICodeEditor:2,$model8)
2024-07-29 20:47:36.271 [info] Extension host terminating: renderer closed the MessagePort
2024-07-29 20:47:36.280 [error] An error occurred when deactivating the subscriptions for extension 'Gruntfuggly.todo-tree':
2024-07-29 20:47:36.281 [error] AggregateError: Encountered errors while disposing of store
	at h (/opt/vscodium-bin/resources/app/out/vs/workbench/api/node/extensionHostProcess.js:30:834)
	at m._deactivate (/opt/vscodium-bin/resources/app/out/vs/workbench/api/node/extensionHostProcess.js:160:13048)
	at /opt/vscodium-bin/resources/app/out/vs/workbench/api/node/extensionHostProcess.js:160:10194
	at Array.map (<anonymous>)
	at m._deactivateAll (/opt/vscodium-bin/resources/app/out/vs/workbench/api/node/extensionHostProcess.js:160:10181)
	at m.terminate (/opt/vscodium-bin/resources/app/out/vs/workbench/api/node/extensionHostProcess.js:160:10564)
	at h.terminate (/opt/vscodium-bin/resources/app/out/vs/workbench/api/node/extensionHostProcess.js:164:1908)
	at i (/opt/vscodium-bin/resources/app/out/vs/workbench/api/node/extensionHostProcess.js:177:12354)
	at MessagePortMain.<anonymous> (/opt/vscodium-bin/resources/app/out/vs/workbench/api/node/extensionHostProcess.js:177:8164)
	at MessagePortMain.emit (node:events:514:28)
	at MessagePortMain._internalPort.emit (node:electron/js2c/utility_init:2:2285)
2024-07-29 20:47:36.283 [error] Canceled: Canceled
	at new T (/opt/vscodium-bin/resources/app/out/vs/workbench/api/node/extensionHostProcess.js:144:39096)
	at y._remoteCall (/opt/vscodium-bin/resources/app/out/vs/workbench/api/node/extensionHostProcess.js:151:8166)
	at U.<computed>.F.charCodeAt.R.CharCode.DollarSign.U.<computed> (/opt/vscodium-bin/resources/app/out/vs/workbench/api/node/extensionHostProcess.js:151:4351)
	at f._doExecuteCommand (/opt/vscodium-bin/resources/app/out/vs/workbench/api/node/extensionHostProcess.js:154:241286)
	at f.executeCommand (/opt/vscodium-bin/resources/app/out/vs/workbench/api/node/extensionHostProcess.js:154:240611)
	at k.registerCommand.description (/opt/vscodium-bin/resources/app/out/vs/workbench/api/node/extensionHostProcess.js:154:239855)
	at f._executeContributedCommand (/opt/vscodium-bin/resources/app/out/vs/workbench/api/node/extensionHostProcess.js:154:241924)
	at f._doExecuteCommand (/opt/vscodium-bin/resources/app/out/vs/workbench/api/node/extensionHostProcess.js:154:240744)
	at f.executeCommand (/opt/vscodium-bin/resources/app/out/vs/workbench/api/node/extensionHostProcess.js:154:240611)
	at Object.executeCommand (/opt/vscodium-bin/resources/app/out/vs/workbench/api/node/extensionHostProcess.js:164:29715)
	at w (/home/steinardth/.vscode-oss/extensions/eamodio.gitlens-15.2.1-universal/dist/gitlens.js:1455:39724)
	at c (/home/steinardth/.vscode-oss/extensions/eamodio.gitlens-15.2.1-universal/dist/gitlens.js:1455:44783)
	at ActionRunners._updateContextKeys (/home/steinardth/.vscode-oss/extensions/eamodio.gitlens-15.2.1-universal/dist/gitlens.js:1101:19317)
	at s (/home/steinardth/.vscode-oss/extensions/eamodio.gitlens-15.2.1-universal/dist/gitlens.js:1101:17761)
	at RegisteredActionRunner.unregister (/home/steinardth/.vscode-oss/extensions/eamodio.gitlens-15.2.1-universal/dist/gitlens.js:1101:17904)
	at RegisteredActionRunner.dispose (/home/steinardth/.vscode-oss/extensions/eamodio.gitlens-15.2.1-universal/dist/gitlens.js:1101:16557)
	at ActionRunners.dispose (/home/steinardth/.vscode-oss/extensions/eamodio.gitlens-15.2.1-universal/dist/gitlens.js:1101:17344)
	at /home/steinardth/.vscode-oss/extensions/eamodio.gitlens-15.2.1-universal/dist/gitlens.js:1414:20154
	at Array.forEach (<anonymous>)
	at Object.dispose (/home/steinardth/.vscode-oss/extensions/eamodio.gitlens-15.2.1-universal/dist/gitlens.js:1414:20136)
	at h (/opt/vscodium-bin/resources/app/out/vs/workbench/api/node/extensionHostProcess.js:30:758)
	at m._deactivate (/opt/vscodium-bin/resources/app/out/vs/workbench/api/node/extensionHostProcess.js:160:13048)
	at /opt/vscodium-bin/resources/app/out/vs/workbench/api/node/extensionHostProcess.js:160:10194
	at Array.map (<anonymous>)
	at m._deactivateAll (/opt/vscodium-bin/resources/app/out/vs/workbench/api/node/extensionHostProcess.js:160:10181)
	at m.terminate (/opt/vscodium-bin/resources/app/out/vs/workbench/api/node/extensionHostProcess.js:160:10564)
	at h.terminate (/opt/vscodium-bin/resources/app/out/vs/workbench/api/node/extensionHostProcess.js:164:1908)
	at i (/opt/vscodium-bin/resources/app/out/vs/workbench/api/node/extensionHostProcess.js:177:12354)
	at MessagePortMain.<anonymous> (/opt/vscodium-bin/resources/app/out/vs/workbench/api/node/extensionHostProcess.js:177:8164)
	at MessagePortMain.emit (node:events:514:28)
	at MessagePortMain._internalPort.emit (node:electron/js2c/utility_init:2:2285) setContext undefined
2024-07-29 20:47:36.283 [error] Canceled: Canceled
	at new T (/opt/vscodium-bin/resources/app/out/vs/workbench/api/node/extensionHostProcess.js:144:39096)
	at y._remoteCall (/opt/vscodium-bin/resources/app/out/vs/workbench/api/node/extensionHostProcess.js:151:8166)
	at U.<computed>.F.charCodeAt.R.CharCode.DollarSign.U.<computed> (/opt/vscodium-bin/resources/app/out/vs/workbench/api/node/extensionHostProcess.js:151:4351)
	at f._doExecuteCommand (/opt/vscodium-bin/resources/app/out/vs/workbench/api/node/extensionHostProcess.js:154:241286)
	at f.executeCommand (/opt/vscodium-bin/resources/app/out/vs/workbench/api/node/extensionHostProcess.js:154:240611)
	at k.registerCommand.description (/opt/vscodium-bin/resources/app/out/vs/workbench/api/node/extensionHostProcess.js:154:239855)
	at f._executeContributedCommand (/opt/vscodium-bin/resources/app/out/vs/workbench/api/node/extensionHostProcess.js:154:241924)
	at f._doExecuteCommand (/opt/vscodium-bin/resources/app/out/vs/workbench/api/node/extensionHostProcess.js:154:240744)
	at f.executeCommand (/opt/vscodium-bin/resources/app/out/vs/workbench/api/node/extensionHostProcess.js:154:240611)
	at Object.executeCommand (/opt/vscodium-bin/resources/app/out/vs/workbench/api/node/extensionHostProcess.js:164:29715)
	at w (/home/steinardth/.vscode-oss/extensions/eamodio.gitlens-15.2.1-universal/dist/gitlens.js:1455:39724)
	at c (/home/steinardth/.vscode-oss/extensions/eamodio.gitlens-15.2.1-universal/dist/gitlens.js:1455:44783)
	at ActionRunners._updateContextKeys (/home/steinardth/.vscode-oss/extensions/eamodio.gitlens-15.2.1-universal/dist/gitlens.js:1101:19317)
	at s (/home/steinardth/.vscode-oss/extensions/eamodio.gitlens-15.2.1-universal/dist/gitlens.js:1101:17761)
	at RegisteredActionRunner.unregister (/home/steinardth/.vscode-oss/extensions/eamodio.gitlens-15.2.1-universal/dist/gitlens.js:1101:17904)
	at RegisteredActionRunner.dispose (/home/steinardth/.vscode-oss/extensions/eamodio.gitlens-15.2.1-universal/dist/gitlens.js:1101:16557)
	at ActionRunners.dispose (/home/steinardth/.vscode-oss/extensions/eamodio.gitlens-15.2.1-universal/dist/gitlens.js:1101:17344)
	at /home/steinardth/.vscode-oss/extensions/eamodio.gitlens-15.2.1-universal/dist/gitlens.js:1414:20154
	at Array.forEach (<anonymous>)
	at Object.dispose (/home/steinardth/.vscode-oss/extensions/eamodio.gitlens-15.2.1-universal/dist/gitlens.js:1414:20136)
	at h (/opt/vscodium-bin/resources/app/out/vs/workbench/api/node/extensionHostProcess.js:30:758)
	at m._deactivate (/opt/vscodium-bin/resources/app/out/vs/workbench/api/node/extensionHostProcess.js:160:13048)
	at /opt/vscodium-bin/resources/app/out/vs/workbench/api/node/extensionHostProcess.js:160:10194
	at Array.map (<anonymous>)
	at m._deactivateAll (/opt/vscodium-bin/resources/app/out/vs/workbench/api/node/extensionHostProcess.js:160:10181)
	at m.terminate (/opt/vscodium-bin/resources/app/out/vs/workbench/api/node/extensionHostProcess.js:160:10564)
	at h.terminate (/opt/vscodium-bin/resources/app/out/vs/workbench/api/node/extensionHostProcess.js:164:1908)
	at i (/opt/vscodium-bin/resources/app/out/vs/workbench/api/node/extensionHostProcess.js:177:12354)
	at MessagePortMain.<anonymous> (/opt/vscodium-bin/resources/app/out/vs/workbench/api/node/extensionHostProcess.js:177:8164)
	at MessagePortMain.emit (node:events:514:28)
	at MessagePortMain._internalPort.emit (node:electron/js2c/utility_init:2:2285) setContext undefined
2024-07-29 20:47:36.283 [error] Canceled: Canceled
	at new T (/opt/vscodium-bin/resources/app/out/vs/workbench/api/node/extensionHostProcess.js:144:39096)
	at y._remoteCall (/opt/vscodium-bin/resources/app/out/vs/workbench/api/node/extensionHostProcess.js:151:8166)
	at U.<computed>.F.charCodeAt.R.CharCode.DollarSign.U.<computed> (/opt/vscodium-bin/resources/app/out/vs/workbench/api/node/extensionHostProcess.js:151:4351)
	at f._doExecuteCommand (/opt/vscodium-bin/resources/app/out/vs/workbench/api/node/extensionHostProcess.js:154:241286)
	at f.executeCommand (/opt/vscodium-bin/resources/app/out/vs/workbench/api/node/extensionHostProcess.js:154:240611)
	at k.registerCommand.description (/opt/vscodium-bin/resources/app/out/vs/workbench/api/node/extensionHostProcess.js:154:239855)
	at f._executeContributedCommand (/opt/vscodium-bin/resources/app/out/vs/workbench/api/node/extensionHostProcess.js:154:241924)
	at f._doExecuteCommand (/opt/vscodium-bin/resources/app/out/vs/workbench/api/node/extensionHostProcess.js:154:240744)
	at f.executeCommand (/opt/vscodium-bin/resources/app/out/vs/workbench/api/node/extensionHostProcess.js:154:240611)
	at Object.executeCommand (/opt/vscodium-bin/resources/app/out/vs/workbench/api/node/extensionHostProcess.js:164:29715)
	at w (/home/steinardth/.vscode-oss/extensions/eamodio.gitlens-15.2.1-universal/dist/gitlens.js:1455:39724)
	at c (/home/steinardth/.vscode-oss/extensions/eamodio.gitlens-15.2.1-universal/dist/gitlens.js:1455:44783)
	at ActionRunners._updateContextKeys (/home/steinardth/.vscode-oss/extensions/eamodio.gitlens-15.2.1-universal/dist/gitlens.js:1101:19317)
	at s (/home/steinardth/.vscode-oss/extensions/eamodio.gitlens-15.2.1-universal/dist/gitlens.js:1101:17761)
	at RegisteredActionRunner.unregister (/home/steinardth/.vscode-oss/extensions/eamodio.gitlens-15.2.1-universal/dist/gitlens.js:1101:17904)
	at RegisteredActionRunner.dispose (/home/steinardth/.vscode-oss/extensions/eamodio.gitlens-15.2.1-universal/dist/gitlens.js:1101:16557)
	at ActionRunners.dispose (/home/steinardth/.vscode-oss/extensions/eamodio.gitlens-15.2.1-universal/dist/gitlens.js:1101:17344)
	at /home/steinardth/.vscode-oss/extensions/eamodio.gitlens-15.2.1-universal/dist/gitlens.js:1414:20154
	at Array.forEach (<anonymous>)
	at Object.dispose (/home/steinardth/.vscode-oss/extensions/eamodio.gitlens-15.2.1-universal/dist/gitlens.js:1414:20136)
	at h (/opt/vscodium-bin/resources/app/out/vs/workbench/api/node/extensionHostProcess.js:30:758)
	at m._deactivate (/opt/vscodium-bin/resources/app/out/vs/workbench/api/node/extensionHostProcess.js:160:13048)
	at /opt/vscodium-bin/resources/app/out/vs/workbench/api/node/extensionHostProcess.js:160:10194
	at Array.map (<anonymous>)
	at m._deactivateAll (/opt/vscodium-bin/resources/app/out/vs/workbench/api/node/extensionHostProcess.js:160:10181)
	at m.terminate (/opt/vscodium-bin/resources/app/out/vs/workbench/api/node/extensionHostProcess.js:160:10564)
	at h.terminate (/opt/vscodium-bin/resources/app/out/vs/workbench/api/node/extensionHostProcess.js:164:1908)
	at i (/opt/vscodium-bin/resources/app/out/vs/workbench/api/node/extensionHostProcess.js:177:12354)
	at MessagePortMain.<anonymous> (/opt/vscodium-bin/resources/app/out/vs/workbench/api/node/extensionHostProcess.js:177:8164)
	at MessagePortMain.emit (node:events:514:28)
	at MessagePortMain._internalPort.emit (node:electron/js2c/utility_init:2:2285) setContext undefined
2024-07-29 20:47:36.284 [info] Extension host with pid 39629 exiting with code 0
