2024-08-03 15:29:07.909 [info] Started local extension host with pid 859133.
2024-08-03 15:29:10.603 [info] [perf] Render performance baseline is 22ms
2024-08-03 15:29:21.701 [info] Started local extension host with pid 859259.
2024-08-03 15:29:24.431 [info] [perf] Render performance baseline is 21ms
2024-08-03 15:29:24.442 [error] [Extension Host] TypeError: Cannot read properties of undefined (reading 'replace')
	at n (/home/steinardth/.vscode-oss/extensions/jnoortheen.nix-ide-0.3.3-universal/dist/extension.js:1:1152)
	at Bi (/home/steinardth/.vscode-oss/extensions/jnoortheen.nix-ide-0.3.3-universal/dist/extension.js:44:41680)
	at Ho.get (/home/steinardth/.vscode-oss/extensions/jnoortheen.nix-ide-0.3.3-universal/dist/extension.js:44:41969)
	at get formatterPath (/home/steinardth/.vscode-oss/extensions/jnoortheen.nix-ide-0.3.3-universal/dist/extension.js:44:42024)
	at Object.<anonymous> (/home/steinardth/.vscode-oss/extensions/jnoortheen.nix-ide-0.3.3-universal/dist/extension.js:44:42252)
	at o._compile (/opt/vscodium-bin/resources/app/out/vs/loader.js:4:1271)
	at Module._extensions..js (node:internal/modules/cjs/loader:1311:10)
	at Module.load (node:internal/modules/cjs/loader:1098:32)
	at Module._load (node:internal/modules/cjs/loader:945:12)
	at c._load (node:electron/js2c/node_init:2:13672)
	at y._load (/opt/vscodium-bin/resources/app/out/vs/workbench/api/node/extensionHostProcess.js:177:7355)
	at n._load (/opt/vscodium-bin/resources/app/out/vs/workbench/api/node/extensionHostProcess.js:174:38746)
	at i._load (/opt/vscodium-bin/resources/app/out/vs/workbench/api/node/extensionHostProcess.js:139:44344)
	at Module.require (node:internal/modules/cjs/loader:1122:19)
	at require (node:internal/modules/helpers:130:18)
	at Function.i [as __$__nodeRequire] (/opt/vscodium-bin/resources/app/out/vs/loader.js:5:98)
	at m._loadCommonJSModule (/opt/vscodium-bin/resources/app/out/vs/workbench/api/node/extensionHostProcess.js:174:40373)
	at async Promise.all (index 0)
2024-08-03 15:29:24.443 [error] [Extension Host] TypeError: Cannot read properties of undefined (reading 'replace')
	at n (/home/steinardth/.vscode-oss/extensions/jnoortheen.nix-ide-0.3.3-universal/dist/extension.js:1:1152)
	at Bi (/home/steinardth/.vscode-oss/extensions/jnoortheen.nix-ide-0.3.3-universal/dist/extension.js:44:41680)
	at Ho.get (/home/steinardth/.vscode-oss/extensions/jnoortheen.nix-ide-0.3.3-universal/dist/extension.js:44:41969)
	at get formatterPath (/home/steinardth/.vscode-oss/extensions/jnoortheen.nix-ide-0.3.3-universal/dist/extension.js:44:42024)
	at Object.<anonymous> (/home/steinardth/.vscode-oss/extensions/jnoortheen.nix-ide-0.3.3-universal/dist/extension.js:44:42304)
	at o._compile (/opt/vscodium-bin/resources/app/out/vs/loader.js:4:1271)
	at Module._extensions..js (node:internal/modules/cjs/loader:1311:10)
	at Module.load (node:internal/modules/cjs/loader:1098:32)
	at Module._load (node:internal/modules/cjs/loader:945:12)
	at c._load (node:electron/js2c/node_init:2:13672)
	at y._load (/opt/vscodium-bin/resources/app/out/vs/workbench/api/node/extensionHostProcess.js:177:7355)
	at n._load (/opt/vscodium-bin/resources/app/out/vs/workbench/api/node/extensionHostProcess.js:174:38746)
	at i._load (/opt/vscodium-bin/resources/app/out/vs/workbench/api/node/extensionHostProcess.js:139:44344)
	at Module.require (node:internal/modules/cjs/loader:1122:19)
	at require (node:internal/modules/helpers:130:18)
	at Function.i [as __$__nodeRequire] (/opt/vscodium-bin/resources/app/out/vs/loader.js:5:98)
	at m._loadCommonJSModule (/opt/vscodium-bin/resources/app/out/vs/workbench/api/node/extensionHostProcess.js:174:40373)
	at async Promise.all (index 0)
2024-08-03 15:29:31.190 [info] Not activating extension 'charliermarsh.ruff': Timed out while searching for 'workspaceContains' pattern *.py,*.ipynb
2024-08-03 15:29:31.191 [info] Not activating extension 'timonwong.shellcheck': Timed out while searching for 'workspaceContains' pattern **/.shellcheckrc
2024-08-03 15:29:50.405 [error] [File Watcher (parcel)] Unexpected error: Permission denied (EUNKNOWN) (path: /)
2024-08-03 15:29:50.406 [error] [File Watcher (universal)] Permission denied
2024-08-03 15:29:51.930 [info] Started local extension host with pid 859445.
2024-08-03 15:29:59.629 [error] [Extension Host] TypeError: Cannot read properties of undefined (reading 'replace')
	at n (/home/steinardth/.vscode-oss/extensions/jnoortheen.nix-ide-0.3.3-universal/dist/extension.js:1:1152)
	at Bi (/home/steinardth/.vscode-oss/extensions/jnoortheen.nix-ide-0.3.3-universal/dist/extension.js:44:41680)
	at Ho.get (/home/steinardth/.vscode-oss/extensions/jnoortheen.nix-ide-0.3.3-universal/dist/extension.js:44:41969)
	at get formatterPath (/home/steinardth/.vscode-oss/extensions/jnoortheen.nix-ide-0.3.3-universal/dist/extension.js:44:42024)
	at Object.<anonymous> (/home/steinardth/.vscode-oss/extensions/jnoortheen.nix-ide-0.3.3-universal/dist/extension.js:44:42252)
	at o._compile (/opt/vscodium-bin/resources/app/out/vs/loader.js:4:1271)
	at Module._extensions..js (node:internal/modules/cjs/loader:1311:10)
	at Module.load (node:internal/modules/cjs/loader:1098:32)
	at Module._load (node:internal/modules/cjs/loader:945:12)
	at c._load (node:electron/js2c/node_init:2:13672)
	at y._load (/opt/vscodium-bin/resources/app/out/vs/workbench/api/node/extensionHostProcess.js:177:7355)
	at n._load (/opt/vscodium-bin/resources/app/out/vs/workbench/api/node/extensionHostProcess.js:174:38746)
	at i._load (/opt/vscodium-bin/resources/app/out/vs/workbench/api/node/extensionHostProcess.js:139:44344)
	at Module.require (node:internal/modules/cjs/loader:1122:19)
	at require (node:internal/modules/helpers:130:18)
	at Function.i [as __$__nodeRequire] (/opt/vscodium-bin/resources/app/out/vs/loader.js:5:98)
	at m._loadCommonJSModule (/opt/vscodium-bin/resources/app/out/vs/workbench/api/node/extensionHostProcess.js:174:40373)
	at async Promise.all (index 0)
2024-08-03 15:29:59.629 [error] [Extension Host] TypeError: Cannot read properties of undefined (reading 'replace')
	at n (/home/steinardth/.vscode-oss/extensions/jnoortheen.nix-ide-0.3.3-universal/dist/extension.js:1:1152)
	at Bi (/home/steinardth/.vscode-oss/extensions/jnoortheen.nix-ide-0.3.3-universal/dist/extension.js:44:41680)
	at Ho.get (/home/steinardth/.vscode-oss/extensions/jnoortheen.nix-ide-0.3.3-universal/dist/extension.js:44:41969)
	at get formatterPath (/home/steinardth/.vscode-oss/extensions/jnoortheen.nix-ide-0.3.3-universal/dist/extension.js:44:42024)
	at Object.<anonymous> (/home/steinardth/.vscode-oss/extensions/jnoortheen.nix-ide-0.3.3-universal/dist/extension.js:44:42304)
	at o._compile (/opt/vscodium-bin/resources/app/out/vs/loader.js:4:1271)
	at Module._extensions..js (node:internal/modules/cjs/loader:1311:10)
	at Module.load (node:internal/modules/cjs/loader:1098:32)
	at Module._load (node:internal/modules/cjs/loader:945:12)
	at c._load (node:electron/js2c/node_init:2:13672)
	at y._load (/opt/vscodium-bin/resources/app/out/vs/workbench/api/node/extensionHostProcess.js:177:7355)
	at n._load (/opt/vscodium-bin/resources/app/out/vs/workbench/api/node/extensionHostProcess.js:174:38746)
	at i._load (/opt/vscodium-bin/resources/app/out/vs/workbench/api/node/extensionHostProcess.js:139:44344)
	at Module.require (node:internal/modules/cjs/loader:1122:19)
	at require (node:internal/modules/helpers:130:18)
	at Function.i [as __$__nodeRequire] (/opt/vscodium-bin/resources/app/out/vs/loader.js:5:98)
	at m._loadCommonJSModule (/opt/vscodium-bin/resources/app/out/vs/workbench/api/node/extensionHostProcess.js:174:40373)
	at async Promise.all (index 0)
2024-08-03 15:30:05.024 [warning] [File Watcher (node.js)] Watcher shutdown because watched path got deleted
2024-08-03 15:30:05.114 [info] Started local extension host with pid 859737.
2024-08-03 15:30:05.822 [error] [Extension Host] TypeError: The "path" argument must be of type string. Received undefined
	at new NodeError (node:internal/errors:406:5)
	at validateString (node:internal/validators:162:11)
	at Object.parse (node:path:1453:5)
	at n (/home/steinardth/.vscode-oss/extensions/jnoortheen.nix-ide-0.3.3-universal/dist/extension.js:1:1252)
	at Bi (/home/steinardth/.vscode-oss/extensions/jnoortheen.nix-ide-0.3.3-universal/dist/extension.js:44:41680)
	at Ho.get (/home/steinardth/.vscode-oss/extensions/jnoortheen.nix-ide-0.3.3-universal/dist/extension.js:44:41969)
	at get formatterPath (/home/steinardth/.vscode-oss/extensions/jnoortheen.nix-ide-0.3.3-universal/dist/extension.js:44:42024)
	at Object.<anonymous> (/home/steinardth/.vscode-oss/extensions/jnoortheen.nix-ide-0.3.3-universal/dist/extension.js:44:42252)
	at o._compile (/opt/vscodium-bin/resources/app/out/vs/loader.js:4:1271)
	at Module._extensions..js (node:internal/modules/cjs/loader:1311:10)
	at Module.load (node:internal/modules/cjs/loader:1098:32)
	at Module._load (node:internal/modules/cjs/loader:945:12)
	at c._load (node:electron/js2c/node_init:2:13672)
	at y._load (/opt/vscodium-bin/resources/app/out/vs/workbench/api/node/extensionHostProcess.js:177:7355)
	at n._load (/opt/vscodium-bin/resources/app/out/vs/workbench/api/node/extensionHostProcess.js:174:38746)
	at i._load (/opt/vscodium-bin/resources/app/out/vs/workbench/api/node/extensionHostProcess.js:139:44344)
	at Module.require (node:internal/modules/cjs/loader:1122:19)
	at require (node:internal/modules/helpers:130:18)
	at Function.i [as __$__nodeRequire] (/opt/vscodium-bin/resources/app/out/vs/loader.js:5:98)
	at m._loadCommonJSModule (/opt/vscodium-bin/resources/app/out/vs/workbench/api/node/extensionHostProcess.js:174:40373)
	at async Promise.all (index 0)
2024-08-03 15:30:05.822 [error] [Extension Host] TypeError: The "path" argument must be of type string. Received undefined
	at new NodeError (node:internal/errors:406:5)
	at validateString (node:internal/validators:162:11)
	at Object.parse (node:path:1453:5)
	at n (/home/steinardth/.vscode-oss/extensions/jnoortheen.nix-ide-0.3.3-universal/dist/extension.js:1:1252)
	at Bi (/home/steinardth/.vscode-oss/extensions/jnoortheen.nix-ide-0.3.3-universal/dist/extension.js:44:41680)
	at Ho.get (/home/steinardth/.vscode-oss/extensions/jnoortheen.nix-ide-0.3.3-universal/dist/extension.js:44:41969)
	at get formatterPath (/home/steinardth/.vscode-oss/extensions/jnoortheen.nix-ide-0.3.3-universal/dist/extension.js:44:42024)
	at Object.<anonymous> (/home/steinardth/.vscode-oss/extensions/jnoortheen.nix-ide-0.3.3-universal/dist/extension.js:44:42304)
	at o._compile (/opt/vscodium-bin/resources/app/out/vs/loader.js:4:1271)
	at Module._extensions..js (node:internal/modules/cjs/loader:1311:10)
	at Module.load (node:internal/modules/cjs/loader:1098:32)
	at Module._load (node:internal/modules/cjs/loader:945:12)
	at c._load (node:electron/js2c/node_init:2:13672)
	at y._load (/opt/vscodium-bin/resources/app/out/vs/workbench/api/node/extensionHostProcess.js:177:7355)
	at n._load (/opt/vscodium-bin/resources/app/out/vs/workbench/api/node/extensionHostProcess.js:174:38746)
	at i._load (/opt/vscodium-bin/resources/app/out/vs/workbench/api/node/extensionHostProcess.js:139:44344)
	at Module.require (node:internal/modules/cjs/loader:1122:19)
	at require (node:internal/modules/helpers:130:18)
	at Function.i [as __$__nodeRequire] (/opt/vscodium-bin/resources/app/out/vs/loader.js:5:98)
	at m._loadCommonJSModule (/opt/vscodium-bin/resources/app/out/vs/workbench/api/node/extensionHostProcess.js:174:40373)
	at async Promise.all (index 0)
2024-08-03 15:30:33.040 [info] Started local extension host with pid 859875.
2024-08-03 15:30:35.896 [info] [perf] Render performance baseline is 22ms
2024-08-03 15:30:40.549 [error] [Extension Host] TypeError: Cannot read properties of undefined (reading 'replace')
	at n (/home/steinardth/.vscode-oss/extensions/jnoortheen.nix-ide-0.3.3-universal/dist/extension.js:1:1152)
	at Bi (/home/steinardth/.vscode-oss/extensions/jnoortheen.nix-ide-0.3.3-universal/dist/extension.js:44:41680)
	at Ho.get (/home/steinardth/.vscode-oss/extensions/jnoortheen.nix-ide-0.3.3-universal/dist/extension.js:44:41969)
	at get formatterPath (/home/steinardth/.vscode-oss/extensions/jnoortheen.nix-ide-0.3.3-universal/dist/extension.js:44:42024)
	at Object.<anonymous> (/home/steinardth/.vscode-oss/extensions/jnoortheen.nix-ide-0.3.3-universal/dist/extension.js:44:42252)
	at o._compile (/opt/vscodium-bin/resources/app/out/vs/loader.js:4:1271)
	at Module._extensions..js (node:internal/modules/cjs/loader:1311:10)
	at Module.load (node:internal/modules/cjs/loader:1098:32)
	at Module._load (node:internal/modules/cjs/loader:945:12)
	at c._load (node:electron/js2c/node_init:2:13672)
	at y._load (/opt/vscodium-bin/resources/app/out/vs/workbench/api/node/extensionHostProcess.js:177:7355)
	at n._load (/opt/vscodium-bin/resources/app/out/vs/workbench/api/node/extensionHostProcess.js:174:38746)
	at i._load (/opt/vscodium-bin/resources/app/out/vs/workbench/api/node/extensionHostProcess.js:139:44344)
	at Module.require (node:internal/modules/cjs/loader:1122:19)
	at require (node:internal/modules/helpers:130:18)
	at Function.i [as __$__nodeRequire] (/opt/vscodium-bin/resources/app/out/vs/loader.js:5:98)
	at m._loadCommonJSModule (/opt/vscodium-bin/resources/app/out/vs/workbench/api/node/extensionHostProcess.js:174:40373)
	at async Promise.all (index 0)
2024-08-03 15:30:40.550 [error] [Extension Host] TypeError: Cannot read properties of undefined (reading 'replace')
	at n (/home/steinardth/.vscode-oss/extensions/jnoortheen.nix-ide-0.3.3-universal/dist/extension.js:1:1152)
	at Bi (/home/steinardth/.vscode-oss/extensions/jnoortheen.nix-ide-0.3.3-universal/dist/extension.js:44:41680)
	at Ho.get (/home/steinardth/.vscode-oss/extensions/jnoortheen.nix-ide-0.3.3-universal/dist/extension.js:44:41969)
	at get formatterPath (/home/steinardth/.vscode-oss/extensions/jnoortheen.nix-ide-0.3.3-universal/dist/extension.js:44:42024)
	at Object.<anonymous> (/home/steinardth/.vscode-oss/extensions/jnoortheen.nix-ide-0.3.3-universal/dist/extension.js:44:42304)
	at o._compile (/opt/vscodium-bin/resources/app/out/vs/loader.js:4:1271)
	at Module._extensions..js (node:internal/modules/cjs/loader:1311:10)
	at Module.load (node:internal/modules/cjs/loader:1098:32)
	at Module._load (node:internal/modules/cjs/loader:945:12)
	at c._load (node:electron/js2c/node_init:2:13672)
	at y._load (/opt/vscodium-bin/resources/app/out/vs/workbench/api/node/extensionHostProcess.js:177:7355)
	at n._load (/opt/vscodium-bin/resources/app/out/vs/workbench/api/node/extensionHostProcess.js:174:38746)
	at i._load (/opt/vscodium-bin/resources/app/out/vs/workbench/api/node/extensionHostProcess.js:139:44344)
	at Module.require (node:internal/modules/cjs/loader:1122:19)
	at require (node:internal/modules/helpers:130:18)
	at Function.i [as __$__nodeRequire] (/opt/vscodium-bin/resources/app/out/vs/loader.js:5:98)
	at m._loadCommonJSModule (/opt/vscodium-bin/resources/app/out/vs/workbench/api/node/extensionHostProcess.js:174:40373)
	at async Promise.all (index 0)
2024-08-03 15:31:15.398 [info] Started local extension host with pid 860227.
2024-08-03 15:31:16.063 [error] [Extension Host] TypeError: Cannot read properties of undefined (reading 'length')
	at n (/home/steinardth/.vscode-oss/extensions/jnoortheen.nix-ide-0.3.3-universal/dist/extension.js:1:895)
	at Bi (/home/steinardth/.vscode-oss/extensions/jnoortheen.nix-ide-0.3.3-universal/dist/extension.js:44:41680)
	at Ho.get (/home/steinardth/.vscode-oss/extensions/jnoortheen.nix-ide-0.3.3-universal/dist/extension.js:44:41969)
	at get formatterPath (/home/steinardth/.vscode-oss/extensions/jnoortheen.nix-ide-0.3.3-universal/dist/extension.js:44:42024)
	at Object.<anonymous> (/home/steinardth/.vscode-oss/extensions/jnoortheen.nix-ide-0.3.3-universal/dist/extension.js:44:42252)
	at o._compile (/opt/vscodium-bin/resources/app/out/vs/loader.js:4:1271)
	at Module._extensions..js (node:internal/modules/cjs/loader:1311:10)
	at Module.load (node:internal/modules/cjs/loader:1098:32)
	at Module._load (node:internal/modules/cjs/loader:945:12)
	at c._load (node:electron/js2c/node_init:2:13672)
	at y._load (/opt/vscodium-bin/resources/app/out/vs/workbench/api/node/extensionHostProcess.js:177:7355)
	at n._load (/opt/vscodium-bin/resources/app/out/vs/workbench/api/node/extensionHostProcess.js:174:38746)
	at i._load (/opt/vscodium-bin/resources/app/out/vs/workbench/api/node/extensionHostProcess.js:139:44344)
	at Module.require (node:internal/modules/cjs/loader:1122:19)
	at require (node:internal/modules/helpers:130:18)
	at Function.i [as __$__nodeRequire] (/opt/vscodium-bin/resources/app/out/vs/loader.js:5:98)
	at m._loadCommonJSModule (/opt/vscodium-bin/resources/app/out/vs/workbench/api/node/extensionHostProcess.js:174:40373)
	at async Promise.all (index 0)
2024-08-03 15:31:16.063 [error] [Extension Host] TypeError: Cannot read properties of undefined (reading 'length')
	at n (/home/steinardth/.vscode-oss/extensions/jnoortheen.nix-ide-0.3.3-universal/dist/extension.js:1:895)
	at Bi (/home/steinardth/.vscode-oss/extensions/jnoortheen.nix-ide-0.3.3-universal/dist/extension.js:44:41680)
	at Ho.get (/home/steinardth/.vscode-oss/extensions/jnoortheen.nix-ide-0.3.3-universal/dist/extension.js:44:41969)
	at get formatterPath (/home/steinardth/.vscode-oss/extensions/jnoortheen.nix-ide-0.3.3-universal/dist/extension.js:44:42024)
	at Object.<anonymous> (/home/steinardth/.vscode-oss/extensions/jnoortheen.nix-ide-0.3.3-universal/dist/extension.js:44:42304)
	at o._compile (/opt/vscodium-bin/resources/app/out/vs/loader.js:4:1271)
	at Module._extensions..js (node:internal/modules/cjs/loader:1311:10)
	at Module.load (node:internal/modules/cjs/loader:1098:32)
	at Module._load (node:internal/modules/cjs/loader:945:12)
	at c._load (node:electron/js2c/node_init:2:13672)
	at y._load (/opt/vscodium-bin/resources/app/out/vs/workbench/api/node/extensionHostProcess.js:177:7355)
	at n._load (/opt/vscodium-bin/resources/app/out/vs/workbench/api/node/extensionHostProcess.js:174:38746)
	at i._load (/opt/vscodium-bin/resources/app/out/vs/workbench/api/node/extensionHostProcess.js:139:44344)
	at Module.require (node:internal/modules/cjs/loader:1122:19)
	at require (node:internal/modules/helpers:130:18)
	at Function.i [as __$__nodeRequire] (/opt/vscodium-bin/resources/app/out/vs/loader.js:5:98)
	at m._loadCommonJSModule (/opt/vscodium-bin/resources/app/out/vs/workbench/api/node/extensionHostProcess.js:174:40373)
	at async Promise.all (index 0)
2024-08-03 15:31:18.335 [info] [perf] Render performance baseline is 21ms
2024-08-03 15:31:23.283 [info] Started local extension host with pid 860294.
2024-08-03 15:31:25.916 [info] [perf] Render performance baseline is 24ms
2024-08-03 15:31:30.925 [error] [Extension Host] TypeError: Cannot read properties of undefined (reading 'replace')
	at n (/home/steinardth/.vscode-oss/extensions/jnoortheen.nix-ide-0.3.3-universal/dist/extension.js:1:1152)
	at Bi (/home/steinardth/.vscode-oss/extensions/jnoortheen.nix-ide-0.3.3-universal/dist/extension.js:44:41680)
	at Ho.get (/home/steinardth/.vscode-oss/extensions/jnoortheen.nix-ide-0.3.3-universal/dist/extension.js:44:41969)
	at get formatterPath (/home/steinardth/.vscode-oss/extensions/jnoortheen.nix-ide-0.3.3-universal/dist/extension.js:44:42024)
	at Object.<anonymous> (/home/steinardth/.vscode-oss/extensions/jnoortheen.nix-ide-0.3.3-universal/dist/extension.js:44:42252)
	at o._compile (/opt/vscodium-bin/resources/app/out/vs/loader.js:4:1271)
	at Module._extensions..js (node:internal/modules/cjs/loader:1311:10)
	at Module.load (node:internal/modules/cjs/loader:1098:32)
	at Module._load (node:internal/modules/cjs/loader:945:12)
	at c._load (node:electron/js2c/node_init:2:13672)
	at y._load (/opt/vscodium-bin/resources/app/out/vs/workbench/api/node/extensionHostProcess.js:177:7355)
	at n._load (/opt/vscodium-bin/resources/app/out/vs/workbench/api/node/extensionHostProcess.js:174:38746)
	at i._load (/opt/vscodium-bin/resources/app/out/vs/workbench/api/node/extensionHostProcess.js:139:44344)
	at Module.require (node:internal/modules/cjs/loader:1122:19)
	at require (node:internal/modules/helpers:130:18)
	at Function.i [as __$__nodeRequire] (/opt/vscodium-bin/resources/app/out/vs/loader.js:5:98)
	at m._loadCommonJSModule (/opt/vscodium-bin/resources/app/out/vs/workbench/api/node/extensionHostProcess.js:174:40373)
	at async Promise.all (index 0)
2024-08-03 15:31:30.926 [error] [Extension Host] TypeError: Cannot read properties of undefined (reading 'replace')
	at n (/home/steinardth/.vscode-oss/extensions/jnoortheen.nix-ide-0.3.3-universal/dist/extension.js:1:1152)
	at Bi (/home/steinardth/.vscode-oss/extensions/jnoortheen.nix-ide-0.3.3-universal/dist/extension.js:44:41680)
	at Ho.get (/home/steinardth/.vscode-oss/extensions/jnoortheen.nix-ide-0.3.3-universal/dist/extension.js:44:41969)
	at get formatterPath (/home/steinardth/.vscode-oss/extensions/jnoortheen.nix-ide-0.3.3-universal/dist/extension.js:44:42024)
	at Object.<anonymous> (/home/steinardth/.vscode-oss/extensions/jnoortheen.nix-ide-0.3.3-universal/dist/extension.js:44:42304)
	at o._compile (/opt/vscodium-bin/resources/app/out/vs/loader.js:4:1271)
	at Module._extensions..js (node:internal/modules/cjs/loader:1311:10)
	at Module.load (node:internal/modules/cjs/loader:1098:32)
	at Module._load (node:internal/modules/cjs/loader:945:12)
	at c._load (node:electron/js2c/node_init:2:13672)
	at y._load (/opt/vscodium-bin/resources/app/out/vs/workbench/api/node/extensionHostProcess.js:177:7355)
	at n._load (/opt/vscodium-bin/resources/app/out/vs/workbench/api/node/extensionHostProcess.js:174:38746)
	at i._load (/opt/vscodium-bin/resources/app/out/vs/workbench/api/node/extensionHostProcess.js:139:44344)
	at Module.require (node:internal/modules/cjs/loader:1122:19)
	at require (node:internal/modules/helpers:130:18)
	at Function.i [as __$__nodeRequire] (/opt/vscodium-bin/resources/app/out/vs/loader.js:5:98)
	at m._loadCommonJSModule (/opt/vscodium-bin/resources/app/out/vs/workbench/api/node/extensionHostProcess.js:174:40373)
	at async Promise.all (index 0)
2024-08-03 15:31:51.566 [error] [File Watcher (parcel)] Unexpected error: Permission denied (EUNKNOWN) (path: /)
2024-08-03 15:31:51.567 [error] [File Watcher (universal)] Permission denied
