2024-08-03 15:29:07.830 [info] Added views:workbench.panel.markers.view in workbench.panel.markers
2024-08-03 15:29:07.830 [info] Added views:workbench.panel.output in workbench.panel.output
2024-08-03 15:29:07.830 [info] Added views:terminal in terminal
2024-08-03 15:29:07.830 [info] Added views:outline in workbench.view.explorer
2024-08-03 15:29:07.830 [info] Added views:workbench.scm in workbench.view.scm
2024-08-03 15:29:07.830 [info] Added views:workbench.view.search in workbench.view.search
2024-08-03 15:29:07.830 [info] Added views:timeline in workbench.view.explorer
2024-08-03 15:29:07.830 [info] Added views:workbench.explorer.emptyView in workbench.view.explorer
2024-08-03 15:29:08.024 [info] Added views:workbench.debug.welcome in workbench.view.debug
2024-08-03 15:29:08.337 [info] Added views:bookmarksExplorer,bookmarksHelpAndFeedback in workbench.view.extension.bookmarks
2024-08-03 15:29:08.338 [info] Added views:continue.continueGUIView in workbench.view.extension.continue
2024-08-03 15:29:08.338 [info] Added views:gitlens.views.home,gitlens.views.workspaces,gitlens.views.account in workbench.view.extension.gitlens
2024-08-03 15:29:08.338 [info] Added views:gitlens.views.commitDetails,gitlens.views.lineHistory,gitlens.views.fileHistory,gitlens.views.searchAndCompare in workbench.view.extension.gitlensInspect
2024-08-03 15:29:08.339 [info] Added views:gitlens.views.commits,gitlens.views.branches,gitlens.views.remotes,gitlens.views.stashes,gitlens.views.tags,gitlens.views.contributors in workbench.view.scm
2024-08-03 15:29:08.339 [info] Added views:todo-tree-view in workbench.view.extension.todo-tree-container
2024-08-03 15:29:08.483 [info] Added views:workbench.panel.repl.view in workbench.panel.repl
2024-08-03 15:29:08.756 [info] Added views:~remote.forwardedPorts in ~remote.forwardedPortsContainer
2024-08-03 15:29:09.705 [info] Removed views:gitlens.views.searchAndCompare,gitlens.views.fileHistory,gitlens.views.lineHistory,gitlens.views.commitDetails from workbench.view.extension.gitlensInspect
2024-08-03 15:29:09.706 [info] Removed views:gitlens.views.contributors,gitlens.views.tags,gitlens.views.stashes,gitlens.views.remotes,gitlens.views.branches,gitlens.views.commits from workbench.view.scm
2024-08-03 15:29:09.756 [info] Added views:gitlens.views.drafts in workbench.view.extension.gitlens
2024-08-03 15:29:21.649 [info] Added views:workbench.panel.markers.view in workbench.panel.markers
2024-08-03 15:29:21.649 [info] Added views:workbench.panel.output in workbench.panel.output
2024-08-03 15:29:21.649 [info] Added views:terminal in terminal
2024-08-03 15:29:21.649 [info] Added views:outline in workbench.view.explorer
2024-08-03 15:29:21.649 [info] Added views:workbench.scm in workbench.view.scm
2024-08-03 15:29:21.649 [info] Added views:workbench.view.search in workbench.view.search
2024-08-03 15:29:21.649 [info] Added views:timeline in workbench.view.explorer
2024-08-03 15:29:21.649 [info] Added views:workbench.explorer.fileView in workbench.view.explorer
2024-08-03 15:29:21.993 [info] Added views:workbench.debug.variablesView,workbench.debug.watchExpressionsView,workbench.debug.callStackView,workbench.debug.breakPointsView in workbench.view.debug
2024-08-03 15:29:22.006 [info] Removed views:workbench.debug.breakPointsView,workbench.debug.callStackView,workbench.debug.watchExpressionsView,workbench.debug.variablesView from workbench.view.debug
2024-08-03 15:29:22.006 [info] Added views:workbench.debug.welcome in workbench.view.debug
2024-08-03 15:29:24.070 [info] Added views:bookmarksExplorer,bookmarksHelpAndFeedback in workbench.view.extension.bookmarks
2024-08-03 15:29:24.070 [info] Added views:continue.continueGUIView in workbench.view.extension.continue
2024-08-03 15:29:24.071 [info] Added views:gitlens.views.home,gitlens.views.workspaces,gitlens.views.account in workbench.view.extension.gitlens
2024-08-03 15:29:24.072 [info] Added views:gitlens.views.commitDetails,gitlens.views.lineHistory,gitlens.views.fileHistory,gitlens.views.searchAndCompare in workbench.view.extension.gitlensInspect
2024-08-03 15:29:24.073 [info] Added views:gitlens.views.commits,gitlens.views.branches,gitlens.views.remotes,gitlens.views.stashes,gitlens.views.tags,gitlens.views.contributors in workbench.view.scm
2024-08-03 15:29:24.073 [info] Added views:todo-tree-view in workbench.view.extension.todo-tree-container
2024-08-03 15:29:24.187 [info] Added views:workbench.panel.repl.view in workbench.panel.repl
2024-08-03 15:29:24.759 [info] Removed views:gitlens.views.searchAndCompare,gitlens.views.fileHistory,gitlens.views.lineHistory,gitlens.views.commitDetails from workbench.view.extension.gitlensInspect
2024-08-03 15:29:24.759 [info] Removed views:gitlens.views.contributors,gitlens.views.tags,gitlens.views.stashes,gitlens.views.remotes,gitlens.views.branches,gitlens.views.commits from workbench.view.scm
2024-08-03 15:29:24.802 [info] Added views:gitlens.views.drafts in workbench.view.extension.gitlens
2024-08-03 15:29:52.064 [info] Removed views:workbench.panel.repl.view from workbench.panel.repl
2024-08-03 15:29:52.198 [info] Added views:workbench.panel.repl.view in workbench.panel.repl
2024-08-03 15:30:05.082 [info] Removed views:workbench.explorer.fileView from workbench.view.explorer
2024-08-03 15:30:05.092 [info] Added views:workbench.explorer.emptyView in workbench.view.explorer
2024-08-03 15:30:05.252 [info] Removed views:workbench.panel.repl.view from workbench.panel.repl
2024-08-03 15:30:05.400 [info] Added views:workbench.panel.repl.view in workbench.panel.repl
2024-08-03 15:30:32.924 [info] Added views:workbench.panel.markers.view in workbench.panel.markers
2024-08-03 15:30:32.924 [info] Added views:workbench.panel.output in workbench.panel.output
2024-08-03 15:30:32.924 [info] Added views:terminal in terminal
2024-08-03 15:30:32.924 [info] Added views:outline in workbench.view.explorer
2024-08-03 15:30:32.924 [info] Added views:workbench.scm in workbench.view.scm
2024-08-03 15:30:32.924 [info] Added views:workbench.view.search in workbench.view.search
2024-08-03 15:30:32.924 [info] Added views:timeline in workbench.view.explorer
2024-08-03 15:30:32.924 [info] Added views:workbench.explorer.fileView in workbench.view.explorer
2024-08-03 15:30:33.240 [info] Added views:bookmarksExplorer,bookmarksHelpAndFeedback in workbench.view.extension.bookmarks
2024-08-03 15:30:33.240 [info] Added views:continue.continueGUIView in workbench.view.extension.continue
2024-08-03 15:30:33.240 [info] Added views:gitlens.views.home,gitlens.views.workspaces,gitlens.views.account in workbench.view.extension.gitlens
2024-08-03 15:30:33.240 [info] Added views:gitlens.views.commitDetails,gitlens.views.lineHistory,gitlens.views.fileHistory,gitlens.views.searchAndCompare in workbench.view.extension.gitlensInspect
2024-08-03 15:30:33.241 [info] Added views:gitlens.views.commits,gitlens.views.branches,gitlens.views.remotes,gitlens.views.stashes,gitlens.views.tags,gitlens.views.contributors in workbench.view.scm
2024-08-03 15:30:33.241 [info] Added views:todo-tree-view in workbench.view.extension.todo-tree-container
2024-08-03 15:30:33.361 [info] Added views:workbench.debug.variablesView,workbench.debug.watchExpressionsView,workbench.debug.callStackView,workbench.debug.breakPointsView in workbench.view.debug
2024-08-03 15:30:33.380 [info] Added views:workbench.panel.repl.view in workbench.panel.repl
2024-08-03 15:30:33.380 [info] Removed views:workbench.debug.breakPointsView,workbench.debug.callStackView,workbench.debug.watchExpressionsView,workbench.debug.variablesView from workbench.view.debug
2024-08-03 15:30:33.380 [info] Added views:workbench.debug.welcome in workbench.view.debug
2024-08-03 15:30:33.465 [info] Added views:~remote.forwardedPorts in ~remote.forwardedPortsContainer
2024-08-03 15:30:40.830 [info] Removed views:gitlens.views.searchAndCompare,gitlens.views.fileHistory,gitlens.views.lineHistory,gitlens.views.commitDetails from workbench.view.extension.gitlensInspect
2024-08-03 15:30:40.831 [info] Removed views:gitlens.views.contributors,gitlens.views.tags,gitlens.views.stashes,gitlens.views.remotes,gitlens.views.branches,gitlens.views.commits from workbench.view.scm
2024-08-03 15:30:40.875 [info] Added views:gitlens.views.drafts in workbench.view.extension.gitlens
2024-08-03 15:31:15.355 [info] Added views:workbench.panel.markers.view in workbench.panel.markers
2024-08-03 15:31:15.355 [info] Added views:workbench.panel.output in workbench.panel.output
2024-08-03 15:31:15.355 [info] Added views:terminal in terminal
2024-08-03 15:31:15.355 [info] Added views:outline in workbench.view.explorer
2024-08-03 15:31:15.355 [info] Added views:workbench.scm in workbench.view.scm
2024-08-03 15:31:15.355 [info] Added views:workbench.view.search in workbench.view.search
2024-08-03 15:31:15.355 [info] Added views:timeline in workbench.view.explorer
2024-08-03 15:31:15.355 [info] Added views:workbench.explorer.emptyView in workbench.view.explorer
2024-08-03 15:31:15.627 [info] Added views:bookmarksExplorer,bookmarksHelpAndFeedback in workbench.view.extension.bookmarks
2024-08-03 15:31:15.628 [info] Added views:continue.continueGUIView in workbench.view.extension.continue
2024-08-03 15:31:15.628 [info] Added views:gitlens.views.home,gitlens.views.workspaces,gitlens.views.account in workbench.view.extension.gitlens
2024-08-03 15:31:15.628 [info] Added views:gitlens.views.commitDetails,gitlens.views.lineHistory,gitlens.views.fileHistory,gitlens.views.searchAndCompare in workbench.view.extension.gitlensInspect
2024-08-03 15:31:15.629 [info] Added views:gitlens.views.commits,gitlens.views.branches,gitlens.views.remotes,gitlens.views.stashes,gitlens.views.tags,gitlens.views.contributors in workbench.view.scm
2024-08-03 15:31:15.629 [info] Added views:todo-tree-view in workbench.view.extension.todo-tree-container
2024-08-03 15:31:15.749 [info] Added views:workbench.debug.variablesView,workbench.debug.watchExpressionsView,workbench.debug.callStackView,workbench.debug.breakPointsView in workbench.view.debug
2024-08-03 15:31:15.759 [info] Added views:workbench.panel.repl.view in workbench.panel.repl
2024-08-03 15:31:15.760 [info] Removed views:workbench.debug.breakPointsView,workbench.debug.callStackView,workbench.debug.watchExpressionsView,workbench.debug.variablesView from workbench.view.debug
2024-08-03 15:31:15.760 [info] Added views:workbench.debug.welcome in workbench.view.debug
2024-08-03 15:31:15.802 [info] Added views:~remote.forwardedPorts in ~remote.forwardedPortsContainer
2024-08-03 15:31:16.343 [info] Removed views:gitlens.views.searchAndCompare,gitlens.views.fileHistory,gitlens.views.lineHistory,gitlens.views.commitDetails from workbench.view.extension.gitlensInspect
2024-08-03 15:31:16.344 [info] Removed views:gitlens.views.contributors,gitlens.views.tags,gitlens.views.stashes,gitlens.views.remotes,gitlens.views.branches,gitlens.views.commits from workbench.view.scm
2024-08-03 15:31:16.388 [info] Added views:gitlens.views.drafts in workbench.view.extension.gitlens
2024-08-03 15:31:23.229 [info] Added views:workbench.panel.markers.view in workbench.panel.markers
2024-08-03 15:31:23.229 [info] Added views:workbench.panel.output in workbench.panel.output
2024-08-03 15:31:23.229 [info] Added views:terminal in terminal
2024-08-03 15:31:23.229 [info] Added views:outline in workbench.view.explorer
2024-08-03 15:31:23.229 [info] Added views:workbench.scm in workbench.view.scm
2024-08-03 15:31:23.229 [info] Added views:workbench.view.search in workbench.view.search
2024-08-03 15:31:23.229 [info] Added views:timeline in workbench.view.explorer
2024-08-03 15:31:23.229 [info] Added views:workbench.explorer.fileView in workbench.view.explorer
2024-08-03 15:31:23.540 [info] Added views:bookmarksExplorer,bookmarksHelpAndFeedback in workbench.view.extension.bookmarks
2024-08-03 15:31:23.541 [info] Added views:continue.continueGUIView in workbench.view.extension.continue
2024-08-03 15:31:23.541 [info] Added views:gitlens.views.home,gitlens.views.workspaces,gitlens.views.account in workbench.view.extension.gitlens
2024-08-03 15:31:23.541 [info] Added views:gitlens.views.commitDetails,gitlens.views.lineHistory,gitlens.views.fileHistory,gitlens.views.searchAndCompare in workbench.view.extension.gitlensInspect
2024-08-03 15:31:23.541 [info] Added views:gitlens.views.commits,gitlens.views.branches,gitlens.views.remotes,gitlens.views.stashes,gitlens.views.tags,gitlens.views.contributors in workbench.view.scm
2024-08-03 15:31:23.542 [info] Added views:todo-tree-view in workbench.view.extension.todo-tree-container
2024-08-03 15:31:23.650 [info] Added views:workbench.debug.welcome in workbench.view.debug
2024-08-03 15:31:23.668 [info] Added views:workbench.panel.repl.view in workbench.panel.repl
2024-08-03 15:31:23.687 [info] Added views:~remote.forwardedPorts in ~remote.forwardedPortsContainer
2024-08-03 15:31:31.218 [info] Removed views:gitlens.views.searchAndCompare,gitlens.views.fileHistory,gitlens.views.lineHistory,gitlens.views.commitDetails from workbench.view.extension.gitlensInspect
2024-08-03 15:31:31.218 [info] Removed views:gitlens.views.contributors,gitlens.views.tags,gitlens.views.stashes,gitlens.views.remotes,gitlens.views.branches,gitlens.views.commits from workbench.view.scm
2024-08-03 15:31:31.260 [info] Added views:gitlens.views.drafts in workbench.view.extension.gitlens
